Arguments: 
  /usr/local/bin/node /usr/local/bin/yarn install

PATH: 
  /usr/local/bin:/usr/bin:/bin:/usr/sbin:/sbin:/usr/local/aria2/bin

Yarn version: 
  0.18.1

Node version: 
  8.4.0

Platform: 
  darwin x64

npm manifest: 
  {
    "name": "mobx-react-typescript-boilerplate",
    "version": "1.0.0",
    "description": "Boilerplate for MobX + React project with Typescript, ES6 compilation and hot code reloading",
    "scripts": {
      "start": "node server.js",
      "dev": "cross-env NODE_ENV=development webpack-dev-server --progress --config ./webpack.config.js"
    },
    "repository": {
      "type": "git",
      "url": "https://github.com/mobxjs/mobx-react-typescript-boilerplate.git"
    },
    "keywords": [
      "react",
      "reactjs",
      "boilerplate",
      "mobx",
      "starter-kit"
    ],
    "author": "Michel Weststrate <mweststrate@gmail.com> (http://github.com/mweststrate)",
    "license": "MIT",
    "bugs": {
      "url": "https://github.com/mobxjs/mobx/issues"
    },
    "homepage": "http://mobxjs.github.com/mobx",
    "devDependencies": {
      "@types/lodash": "^4.14.57",
      "@types/react": "^15.0.18",
      "@types/react-dom": "^0.14.23",
      "awesome-typescript-loader": "^2.2.4",
      "node-sass": "^4.7.2",
      "sass-loader": "^6.0.6",
      "typescript": "^2.2.1",
      "url-loader": "^0.5.8",
      "webpack": "^1.12.1",
      "webpack-dev-server": "^1.8.2"
    },
    "dependencies": {
      "copy-webpack-plugin": "^4.0.1",
      "cross-env": "^3.2.4",
      "file-loader": "^0.10.1",
      "html-webpack-plugin": "^2.28.0",
      "jquery": "^3.1.1",
      "lodash": "^4.17.4",
      "mobx": "^3.1.7",
      "mobx-react": "^4.1.3",
      "mobx-react-devtools": "^4.2.6",
      "react": "^15.4.2",
      "react-dom": "^15.4.2",
      "ts-loader": "^2.0.3"
    }
  }

yarn manifest: 
  No manifest

Lockfile: 
  # THIS IS AN AUTOGENERATED FILE. DO NOT EDIT THIS FILE DIRECTLY.
  # yarn lockfile v1
  
  
  "@types/lodash@^4.14.57":
    version "4.14.57"
    resolved "http://172.18.2.109:7001/@types/lodash/download/@types/lodash-4.14.57.tgz#f0095fb15ec1004455613f3ad73766583e62f830"
  
  "@types/react-dom@^0.14.23":
    version "0.14.23"
    resolved "http://172.18.2.109:7001/@types/react-dom/download/@types/react-dom-0.14.23.tgz#cecfcfad754b4c2765fe5d29b81b301889ad6c2e"
    dependencies:
      "@types/react" "*"
  
  "@types/react@*", "@types/react@^15.0.18":
    version "15.0.18"
    resolved "http://172.18.2.109:7001/@types/react/download/@types/react-15.0.18.tgz#258b1cda9d9aa875d68d317238c31eefdaa1a557"
  
  abbrev@1:
    version "1.1.0"
    resolved "http://172.18.2.109:7001/abbrev/download/abbrev-1.1.0.tgz#d0554c2256636e2f56e7c2e5ad183f859428d81f"
  
  accepts@~1.3.3:
    version "1.3.3"
    resolved "http://172.18.2.109:7001/accepts/download/accepts-1.3.3.tgz#c3ca7434938648c3e0d9c1e328dd68b622c284ca"
    dependencies:
      mime-types "~2.1.11"
      negotiator "0.6.1"
  
  acorn@^3.0.0:
    version "3.3.0"
    resolved "http://172.18.2.109:7001/acorn/download/acorn-3.3.0.tgz#45e37fb39e8da3f25baee3ff5369e2bb5f22017a"
  
  ajv@^4.9.1:
    version "4.11.5"
    resolved "http://172.18.2.109:7001/ajv/download/ajv-4.11.5.tgz#b6ee74657b993a01dce44b7944d56f485828d5bd"
    dependencies:
      co "^4.6.0"
      json-stable-stringify "^1.0.1"
  
  align-text@^0.1.1, align-text@^0.1.3:
    version "0.1.4"
    resolved "http://172.18.2.109:7001/align-text/download/align-text-0.1.4.tgz#0cd90a561093f35d0a99256c22b7069433fad117"
    dependencies:
      kind-of "^3.0.2"
      longest "^1.0.1"
      repeat-string "^1.5.2"
  
  amdefine@>=0.0.4:
    version "1.0.1"
    resolved "http://172.18.2.109:7001/amdefine/download/amdefine-1.0.1.tgz#4a5282ac164729e93619bcfd3ad151f817ce91f5"
  
  ansi-regex@^2.0.0:
    version "2.1.1"
    resolved "http://172.18.2.109:7001/ansi-regex/download/ansi-regex-2.1.1.tgz#c3b33ab5ee360d86e0e628f0468ae7ef27d654df"
  
  anymatch@^1.3.0:
    version "1.3.0"
    resolved "http://172.18.2.109:7001/anymatch/download/anymatch-1.3.0.tgz#a3e52fa39168c825ff57b0248126ce5a8ff95507"
    dependencies:
      arrify "^1.0.0"
      micromatch "^2.1.5"
  
  aproba@^1.0.3:
    version "1.1.1"
    resolved "http://172.18.2.109:7001/aproba/download/aproba-1.1.1.tgz#95d3600f07710aa0e9298c726ad5ecf2eacbabab"
  
  are-we-there-yet@~1.1.2:
    version "1.1.2"
    resolved "http://172.18.2.109:7001/are-we-there-yet/download/are-we-there-yet-1.1.2.tgz#80e470e95a084794fe1899262c5667c6e88de1b3"
    dependencies:
      delegates "^1.0.0"
      readable-stream "^2.0.0 || ^1.1.13"
  
  arr-diff@^2.0.0:
    version "2.0.0"
    resolved "http://172.18.2.109:7001/arr-diff/download/arr-diff-2.0.0.tgz#8f3b827f955a8bd669697e4a4256ac3ceae356cf"
    dependencies:
      arr-flatten "^1.0.1"
  
  arr-flatten@^1.0.1:
    version "1.0.1"
    resolved "http://172.18.2.109:7001/arr-flatten/download/arr-flatten-1.0.1.tgz#e5ffe54d45e19f32f216e91eb99c8ce892bb604b"
  
  array-flatten@1.1.1:
    version "1.1.1"
    resolved "http://172.18.2.109:7001/array-flatten/download/array-flatten-1.1.1.tgz#9a5f699051b1e7073328f2a008968b64ea2955d2"
  
  array-unique@^0.2.1:
    version "0.2.1"
    resolved "http://172.18.2.109:7001/array-unique/download/array-unique-0.2.1.tgz#a1d97ccafcbc2625cc70fadceb36a50c58b01a53"
  
  arrify@^1.0.0:
    version "1.0.1"
    resolved "http://172.18.2.109:7001/arrify/download/arrify-1.0.1.tgz#898508da2226f380df904728456849c1501a4b0d"
  
  asap@~2.0.3:
    version "2.0.5"
    resolved "http://172.18.2.109:7001/asap/download/asap-2.0.5.tgz#522765b50c3510490e52d7dcfe085ef9ba96958f"
  
  asn1@~0.2.3:
    version "0.2.3"
    resolved "http://172.18.2.109:7001/asn1/download/asn1-0.2.3.tgz#dac8787713c9966849fc8180777ebe9c1ddf3b86"
  
  assert-plus@1.0.0, assert-plus@^1.0.0:
    version "1.0.0"
    resolved "http://172.18.2.109:7001/assert-plus/download/assert-plus-1.0.0.tgz#f12e0f3c5d77b0b1cdd9146942e4e96c1e4dd525"
  
  assert-plus@^0.2.0:
    version "0.2.0"
    resolved "http://172.18.2.109:7001/assert-plus/download/assert-plus-0.2.0.tgz#d74e1b87e7affc0db8aadb7021f3fe48101ab234"
  
  assert@^1.1.1:
    version "1.4.1"
    resolved "http://172.18.2.109:7001/assert/download/assert-1.4.1.tgz#99912d591836b5a6f5b345c0f07eefc08fc65d91"
    dependencies:
      util "0.10.3"
  
  async-each@^1.0.0:
    version "1.0.1"
    resolved "http://172.18.2.109:7001/async-each/download/async-each-1.0.1.tgz#19d386a1d9edc6e7c1c85d388aedbcc56d33602d"
  
  async@^0.9.0:
    version "0.9.2"
    resolved "http://172.18.2.109:7001/async/download/async-0.9.2.tgz#aea74d5e61c1f899613bf64bda66d4c78f2fd17d"
  
  async@^1.3.0:
    version "1.5.2"
    resolved "http://172.18.2.109:7001/async/download/async-1.5.2.tgz#ec6a61ae56480c0c3cb241c95618e20892f9672a"
  
  async@~0.2.6:
    version "0.2.10"
    resolved "http://172.18.2.109:7001/async/download/async-0.2.10.tgz#b6bbe0b0674b9d719708ca38de8c237cb526c3d1"
  
  asynckit@^0.4.0:
    version "0.4.0"
    resolved "http://172.18.2.109:7001/asynckit/download/asynckit-0.4.0.tgz#c79ed97f7f34cb8f2ba1bc9790bcc366474b4b79"
  
  awesome-typescript-loader@^2.2.4:
    version "2.2.4"
    resolved "http://172.18.2.109:7001/awesome-typescript-loader/download/awesome-typescript-loader-2.2.4.tgz#4185d60c035c25515f9c2a747fa5f69b2a001e9e"
    dependencies:
      colors "^1.1.2"
      enhanced-resolve "^2.2.2"
      loader-utils "^0.2.6"
      lodash "^4.13.1"
      object-assign "^4.1.0"
      source-map-support "^0.4.0"
  
  aws-sign2@~0.6.0:
    version "0.6.0"
    resolved "http://172.18.2.109:7001/aws-sign2/download/aws-sign2-0.6.0.tgz#14342dd38dbcc94d0e5b87d763cd63612c0e794f"
  
  aws4@^1.2.1:
    version "1.6.0"
    resolved "http://172.18.2.109:7001/aws4/download/aws4-1.6.0.tgz#83ef5ca860b2b32e4a0deedee8c771b9db57471e"
  
  balanced-match@^0.4.1:
    version "0.4.2"
    resolved "http://172.18.2.109:7001/balanced-match/download/balanced-match-0.4.2.tgz#cb3f3e3c732dc0f01ee70b403f302e61d7709838"
  
  base64-js@^1.0.2:
    version "1.2.0"
    resolved "http://172.18.2.109:7001/base64-js/download/base64-js-1.2.0.tgz#a39992d723584811982be5e290bb6a53d86700f1"
  
  batch@0.5.3:
    version "0.5.3"
    resolved "http://172.18.2.109:7001/batch/download/batch-0.5.3.tgz#3f3414f380321743bfc1042f9a83ff1d5824d464"
  
  bcrypt-pbkdf@^1.0.0:
    version "1.0.1"
    resolved "http://172.18.2.109:7001/bcrypt-pbkdf/download/bcrypt-pbkdf-1.0.1.tgz#63bc5dcb61331b92bc05fd528953c33462a06f8d"
    dependencies:
      tweetnacl "^0.14.3"
  
  big.js@^3.1.3:
    version "3.1.3"
    resolved "http://172.18.2.109:7001/big.js/download/big.js-3.1.3.tgz#4cada2193652eb3ca9ec8e55c9015669c9806978"
  
  binary-extensions@^1.0.0:
    version "1.8.0"
    resolved "http://172.18.2.109:7001/binary-extensions/download/binary-extensions-1.8.0.tgz#48ec8d16df4377eae5fa5884682480af4d95c774"
  
  block-stream@*:
    version "0.0.9"
    resolved "http://172.18.2.109:7001/block-stream/download/block-stream-0.0.9.tgz#13ebfe778a03205cfe03751481ebb4b3300c126a"
    dependencies:
      inherits "~2.0.0"
  
  bluebird@^2.10.2:
    version "2.11.0"
    resolved "http://172.18.2.109:7001/bluebird/download/bluebird-2.11.0.tgz#534b9033c022c9579c56ba3b3e5a5caafbb650e1"
  
  bluebird@^3.4.7:
    version "3.5.0"
    resolved "http://172.18.2.109:7001/bluebird/download/bluebird-3.5.0.tgz#791420d7f551eea2897453a8a77653f96606d67c"
  
  boolbase@~1.0.0:
    version "1.0.0"
    resolved "http://172.18.2.109:7001/boolbase/download/boolbase-1.0.0.tgz#68dff5fbe60c51eb37725ea9e3ed310dcc1e776e"
  
  boom@2.x.x:
    version "2.10.1"
    resolved "http://172.18.2.109:7001/boom/download/boom-2.10.1.tgz#39c8918ceff5799f83f9492a848f625add0c766f"
    dependencies:
      hoek "2.x.x"
  
  brace-expansion@^1.0.0:
    version "1.1.6"
    resolved "http://172.18.2.109:7001/brace-expansion/download/brace-expansion-1.1.6.tgz#7197d7eaa9b87e648390ea61fc66c84427420df9"
    dependencies:
      balanced-match "^0.4.1"
      concat-map "0.0.1"
  
  braces@^1.8.2:
    version "1.8.5"
    resolved "http://172.18.2.109:7001/braces/download/braces-1.8.5.tgz#ba77962e12dff969d6b76711e914b737857bf6a7"
    dependencies:
      expand-range "^1.8.1"
      preserve "^0.2.0"
      repeat-element "^1.1.2"
  
  browserify-aes@0.4.0:
    version "0.4.0"
    resolved "http://172.18.2.109:7001/browserify-aes/download/browserify-aes-0.4.0.tgz#067149b668df31c4b58533e02d01e806d8608e2c"
    dependencies:
      inherits "^2.0.1"
  
  browserify-zlib@^0.1.4:
    version "0.1.4"
    resolved "http://172.18.2.109:7001/browserify-zlib/download/browserify-zlib-0.1.4.tgz#bb35f8a519f600e0fa6b8485241c979d0141fb2d"
    dependencies:
      pako "~0.2.0"
  
  buffer-shims@^1.0.0:
    version "1.0.0"
    resolved "http://172.18.2.109:7001/buffer-shims/download/buffer-shims-1.0.0.tgz#9978ce317388c649ad8793028c3477ef044a8b51"
  
  buffer@^4.9.0:
    version "4.9.1"
    resolved "http://172.18.2.109:7001/buffer/download/buffer-4.9.1.tgz#6d1bb601b07a4efced97094132093027c95bc298"
    dependencies:
      base64-js "^1.0.2"
      ieee754 "^1.1.4"
      isarray "^1.0.0"
  
  builtin-status-codes@^3.0.0:
    version "3.0.0"
    resolved "http://172.18.2.109:7001/builtin-status-codes/download/builtin-status-codes-3.0.0.tgz#85982878e21b98e1c66425e03d0174788f569ee8"
  
  bytes@2.3.0:
    version "2.3.0"
    resolved "http://172.18.2.109:7001/bytes/download/bytes-2.3.0.tgz#d5b680a165b6201739acb611542aabc2d8ceb070"
  
  camel-case@3.0.x:
    version "3.0.0"
    resolved "http://172.18.2.109:7001/camel-case/download/camel-case-3.0.0.tgz#ca3c3688a4e9cf3a4cda777dc4dcbc713249cf73"
    dependencies:
      no-case "^2.2.0"
      upper-case "^1.1.1"
  
  camelcase@^1.0.2:
    version "1.2.1"
    resolved "http://172.18.2.109:7001/camelcase/download/camelcase-1.2.1.tgz#9bb5304d2e0b56698b2c758b08a3eaa9daa58a39"
  
  caseless@~0.12.0:
    version "0.12.0"
    resolved "http://172.18.2.109:7001/caseless/download/caseless-0.12.0.tgz#1b681c21ff84033c826543090689420d187151dc"
  
  center-align@^0.1.1:
    version "0.1.3"
    resolved "http://172.18.2.109:7001/center-align/download/center-align-0.1.3.tgz#aa0d32629b6ee972200411cbd4461c907bc2b7ad"
    dependencies:
      align-text "^0.1.3"
      lazy-cache "^1.0.3"
  
  chokidar@^1.0.0:
    version "1.6.1"
    resolved "http://172.18.2.109:7001/chokidar/download/chokidar-1.6.1.tgz#2f4447ab5e96e50fb3d789fd90d4c72e0e4c70c2"
    dependencies:
      anymatch "^1.3.0"
      async-each "^1.0.0"
      glob-parent "^2.0.0"
      inherits "^2.0.1"
      is-binary-path "^1.0.0"
      is-glob "^2.0.0"
      path-is-absolute "^1.0.0"
      readdirp "^2.0.0"
    optionalDependencies:
      fsevents "^1.0.0"
  
  clean-css@4.0.x:
    version "4.0.10"
    resolved "http://172.18.2.109:7001/clean-css/download/clean-css-4.0.10.tgz#6be448d6ba8c767654ebe11f158b97a887cb713f"
    dependencies:
      source-map "0.5.x"
  
  cliui@^2.1.0:
    version "2.1.0"
    resolved "http://172.18.2.109:7001/cliui/download/cliui-2.1.0.tgz#4b475760ff80264c762c3a1719032e91c7fea0d1"
    dependencies:
      center-align "^0.1.1"
      right-align "^0.1.1"
      wordwrap "0.0.2"
  
  clone@^1.0.2:
    version "1.0.2"
    resolved "http://172.18.2.109:7001/clone/download/clone-1.0.2.tgz#260b7a99ebb1edfe247538175f783243cb19d149"
  
  co@^4.6.0:
    version "4.6.0"
    resolved "http://172.18.2.109:7001/co/download/co-4.6.0.tgz#6ea6bdf3d853ae54ccb8e47bfa0bf3f9031fb184"
  
  code-point-at@^1.0.0:
    version "1.1.0"
    resolved "http://172.18.2.109:7001/code-point-at/download/code-point-at-1.1.0.tgz#0d070b4d043a5bea33a2f1a40e2edb3d9a4ccf77"
  
  colors@^1.0.3, colors@^1.1.2:
    version "1.1.2"
    resolved "http://172.18.2.109:7001/colors/download/colors-1.1.2.tgz#168a4701756b6a7f51a12ce0c97bfa28c084ed63"
  
  combined-stream@^1.0.5, combined-stream@~1.0.5:
    version "1.0.5"
    resolved "http://172.18.2.109:7001/combined-stream/download/combined-stream-1.0.5.tgz#938370a57b4a51dea2c77c15d5c5fdf895164009"
    dependencies:
      delayed-stream "~1.0.0"
  
  commander@2.9.x:
    version "2.9.0"
    resolved "http://172.18.2.109:7001/commander/download/commander-2.9.0.tgz#9c99094176e12240cb22d6c5146098400fe0f7d4"
    dependencies:
      graceful-readlink ">= 1.0.0"
  
  compressible@~2.0.8:
    version "2.0.9"
    resolved "http://172.18.2.109:7001/compressible/download/compressible-2.0.9.tgz#6daab4e2b599c2770dd9e21e7a891b1c5a755425"
    dependencies:
      mime-db ">= 1.24.0 < 2"
  
  compression@^1.5.2:
    version "1.6.2"
    resolved "http://172.18.2.109:7001/compression/download/compression-1.6.2.tgz#cceb121ecc9d09c52d7ad0c3350ea93ddd402bc3"
    dependencies:
      accepts "~1.3.3"
      bytes "2.3.0"
      compressible "~2.0.8"
      debug "~2.2.0"
      on-headers "~1.0.1"
      vary "~1.1.0"
  
  concat-map@0.0.1:
    version "0.0.1"
    resolved "http://172.18.2.109:7001/concat-map/download/concat-map-0.0.1.tgz#d8a96bd77fd68df7793a73036a3ba0d5405d477b"
  
  connect-history-api-fallback@^1.3.0:
    version "1.3.0"
    resolved "http://172.18.2.109:7001/connect-history-api-fallback/download/connect-history-api-fallback-1.3.0.tgz#e51d17f8f0ef0db90a64fdb47de3051556e9f169"
  
  console-browserify@^1.1.0:
    version "1.1.0"
    resolved "http://172.18.2.109:7001/console-browserify/download/console-browserify-1.1.0.tgz#f0241c45730a9fc6323b206dbf38edc741d0bb10"
    dependencies:
      date-now "^0.1.4"
  
  console-control-strings@^1.0.0, console-control-strings@~1.1.0:
    version "1.1.0"
    resolved "http://172.18.2.109:7001/console-control-strings/download/console-control-strings-1.1.0.tgz#3d7cf4464db6446ea644bf4b39507f9851008e8e"
  
  constants-browserify@^1.0.0:
    version "1.0.0"
    resolved "http://172.18.2.109:7001/constants-browserify/download/constants-browserify-1.0.0.tgz#c20b96d8c617748aaf1c16021760cd27fcb8cb75"
  
  content-disposition@0.5.2:
    version "0.5.2"
    resolved "http://172.18.2.109:7001/content-disposition/download/content-disposition-0.5.2.tgz#0cf68bb9ddf5f2be7961c3a85178cb85dba78cb4"
  
  content-type@~1.0.2:
    version "1.0.2"
    resolved "http://172.18.2.109:7001/content-type/download/content-type-1.0.2.tgz#b7d113aee7a8dd27bd21133c4dc2529df1721eed"
  
  cookie-signature@1.0.6:
    version "1.0.6"
    resolved "http://172.18.2.109:7001/cookie-signature/download/cookie-signature-1.0.6.tgz#e303a882b342cc3ee8ca513a79999734dab3ae2c"
  
  cookie@0.3.1:
    version "0.3.1"
    resolved "http://172.18.2.109:7001/cookie/download/cookie-0.3.1.tgz#e7e0a1f9ef43b4c8ba925c5c5a96e806d16873bb"
  
  copy-webpack-plugin@^4.0.1:
    version "4.0.1"
    resolved "http://172.18.2.109:7001/copy-webpack-plugin/download/copy-webpack-plugin-4.0.1.tgz#9728e383b94316050d0c7463958f2b85c0aa8200"
    dependencies:
      bluebird "^2.10.2"
      fs-extra "^0.26.4"
      glob "^6.0.4"
      is-glob "^3.1.0"
      loader-utils "^0.2.15"
      lodash "^4.3.0"
      minimatch "^3.0.0"
      node-dir "^0.1.10"
  
  core-js@^1.0.0:
    version "1.2.7"
    resolved "http://172.18.2.109:7001/core-js/download/core-js-1.2.7.tgz#652294c14651db28fa93bd2d5ff2983a4f08c636"
  
  core-util-is@~1.0.0:
    version "1.0.2"
    resolved "http://172.18.2.109:7001/core-util-is/download/core-util-is-1.0.2.tgz#b5fd54220aa2bc5ab57aab7140c940754503c1a7"
  
  cross-env@^3.2.4:
    version "3.2.4"
    resolved "http://172.18.2.109:7001/cross-env/download/cross-env-3.2.4.tgz#9e0585f277864ed421ce756f81a980ff0d698aba"
    dependencies:
      cross-spawn "^5.1.0"
      is-windows "^1.0.0"
  
  cross-spawn@^5.1.0:
    version "5.1.0"
    resolved "http://172.18.2.109:7001/cross-spawn/download/cross-spawn-5.1.0.tgz#e8bd0efee58fcff6f8f94510a0a554bbfa235449"
    dependencies:
      lru-cache "^4.0.1"
      shebang-command "^1.2.0"
      which "^1.2.9"
  
  cryptiles@2.x.x:
    version "2.0.5"
    resolved "http://172.18.2.109:7001/cryptiles/download/cryptiles-2.0.5.tgz#3bdfecdc608147c1c67202fa291e7dca59eaa3b8"
    dependencies:
      boom "2.x.x"
  
  crypto-browserify@3.3.0:
    version "3.3.0"
    resolved "http://172.18.2.109:7001/crypto-browserify/download/crypto-browserify-3.3.0.tgz#b9fc75bb4a0ed61dcf1cd5dae96eb30c9c3e506c"
    dependencies:
      browserify-aes "0.4.0"
      pbkdf2-compat "2.0.1"
      ripemd160 "0.2.0"
      sha.js "2.2.6"
  
  css-select@^1.1.0:
    version "1.2.0"
    resolved "http://172.18.2.109:7001/css-select/download/css-select-1.2.0.tgz#2b3a110539c5355f1cd8d314623e870b121ec858"
    dependencies:
      boolbase "~1.0.0"
      css-what "2.1"
      domutils "1.5.1"
      nth-check "~1.0.1"
  
  css-what@2.1:
    version "2.1.0"
    resolved "http://172.18.2.109:7001/css-what/download/css-what-2.1.0.tgz#9467d032c38cfaefb9f2d79501253062f87fa1bd"
  
  dashdash@^1.12.0:
    version "1.14.1"
    resolved "http://172.18.2.109:7001/dashdash/download/dashdash-1.14.1.tgz#853cfa0f7cbe2fed5de20326b8dd581035f6e2f0"
    dependencies:
      assert-plus "^1.0.0"
  
  date-now@^0.1.4:
    version "0.1.4"
    resolved "http://172.18.2.109:7001/date-now/download/date-now-0.1.4.tgz#eaf439fd4d4848ad74e5cc7dbef200672b9e345b"
  
  debug@2.6.1, debug@^2.2.0:
    version "2.6.1"
    resolved "http://172.18.2.109:7001/debug/download/debug-2.6.1.tgz#79855090ba2c4e3115cc7d8769491d58f0491351"
    dependencies:
      ms "0.7.2"
  
  debug@2.6.3:
    version "2.6.3"
    resolved "http://172.18.2.109:7001/debug/download/debug-2.6.3.tgz#0f7eb8c30965ec08c72accfa0130c8b79984141d"
    dependencies:
      ms "0.7.2"
  
  debug@~2.2.0:
    version "2.2.0"
    resolved "http://172.18.2.109:7001/debug/download/debug-2.2.0.tgz#f87057e995b1a1f6ae6a4960664137bc56f039da"
    dependencies:
      ms "0.7.1"
  
  decamelize@^1.0.0:
    version "1.2.0"
    resolved "http://172.18.2.109:7001/decamelize/download/decamelize-1.2.0.tgz#f6534d15148269b20352e7bee26f501f9a191290"
  
  deep-extend@~0.4.0:
    version "0.4.1"
    resolved "http://172.18.2.109:7001/deep-extend/download/deep-extend-0.4.1.tgz#efe4113d08085f4e6f9687759810f807469e2253"
  
  delayed-stream@~1.0.0:
    version "1.0.0"
    resolved "http://172.18.2.109:7001/delayed-stream/download/delayed-stream-1.0.0.tgz#df3ae199acadfb7d440aaae0b29e2272b24ec619"
  
  delegates@^1.0.0:
    version "1.0.0"
    resolved "http://172.18.2.109:7001/delegates/download/delegates-1.0.0.tgz#84c6e159b81904fdca59a0ef44cd870d31250f9a"
  
  depd@1.1.0, depd@~1.1.0:
    version "1.1.0"
    resolved "http://172.18.2.109:7001/depd/download/depd-1.1.0.tgz#e1bd82c6aab6ced965b97b88b17ed3e528ca18c3"
  
  destroy@~1.0.4:
    version "1.0.4"
    resolved "http://172.18.2.109:7001/destroy/download/destroy-1.0.4.tgz#978857442c44749e4206613e37946205826abd80"
  
  dom-converter@~0.1:
    version "0.1.4"
    resolved "http://172.18.2.109:7001/dom-converter/download/dom-converter-0.1.4.tgz#a45ef5727b890c9bffe6d7c876e7b19cb0e17f3b"
    dependencies:
      utila "~0.3"
  
  dom-serializer@0:
    version "0.1.0"
    resolved "http://172.18.2.109:7001/dom-serializer/download/dom-serializer-0.1.0.tgz#073c697546ce0780ce23be4a28e293e40bc30c82"
    dependencies:
      domelementtype "~1.1.1"
      entities "~1.1.1"
  
  domain-browser@^1.1.1:
    version "1.1.7"
    resolved "http://172.18.2.109:7001/domain-browser/download/domain-browser-1.1.7.tgz#867aa4b093faa05f1de08c06f4d7b21fdf8698bc"
  
  domelementtype@1:
    version "1.3.0"
    resolved "http://172.18.2.109:7001/domelementtype/download/domelementtype-1.3.0.tgz#b17aed82e8ab59e52dd9c19b1756e0fc187204c2"
  
  domelementtype@~1.1.1:
    version "1.1.3"
    resolved "http://172.18.2.109:7001/domelementtype/download/domelementtype-1.1.3.tgz#bd28773e2642881aec51544924299c5cd822185b"
  
  domhandler@2.1:
    version "2.1.0"
    resolved "http://172.18.2.109:7001/domhandler/download/domhandler-2.1.0.tgz#d2646f5e57f6c3bab11cf6cb05d3c0acf7412594"
    dependencies:
      domelementtype "1"
  
  domutils@1.1:
    version "1.1.6"
    resolved "http://172.18.2.109:7001/domutils/download/domutils-1.1.6.tgz#bddc3de099b9a2efacc51c623f28f416ecc57485"
    dependencies:
      domelementtype "1"
  
  domutils@1.5.1:
    version "1.5.1"
    resolved "http://172.18.2.109:7001/domutils/download/domutils-1.5.1.tgz#dcd8488a26f563d61079e48c9f7b7e32373682cf"
    dependencies:
      dom-serializer "0"
      domelementtype "1"
  
  ecc-jsbn@~0.1.1:
    version "0.1.1"
    resolved "http://172.18.2.109:7001/ecc-jsbn/download/ecc-jsbn-0.1.1.tgz#0fc73a9ed5f0d53c38193398523ef7e543777505"
    dependencies:
      jsbn "~0.1.0"
  
  ee-first@1.1.1:
    version "1.1.1"
    resolved "http://172.18.2.109:7001/ee-first/download/ee-first-1.1.1.tgz#590c61156b0ae2f4f0255732a158b266bc56b21d"
  
  emojis-list@^2.0.0:
    version "2.1.0"
    resolved "http://172.18.2.109:7001/emojis-list/download/emojis-list-2.1.0.tgz#4daa4d9db00f9819880c79fa457ae5b09a1fd389"
  
  encodeurl@~1.0.1:
    version "1.0.1"
    resolved "http://172.18.2.109:7001/encodeurl/download/encodeurl-1.0.1.tgz#79e3d58655346909fe6f0f45a5de68103b294d20"
  
  encoding@^0.1.11:
    version "0.1.12"
    resolved "http://172.18.2.109:7001/encoding/download/encoding-0.1.12.tgz#538b66f3ee62cd1ab51ec323829d1f9480c74beb"
    dependencies:
      iconv-lite "~0.4.13"
  
  enhanced-resolve@^2.2.2:
    version "2.3.0"
    resolved "http://172.18.2.109:7001/enhanced-resolve/download/enhanced-resolve-2.3.0.tgz#a115c32504b6302e85a76269d7a57ccdd962e359"
    dependencies:
      graceful-fs "^4.1.2"
      memory-fs "^0.3.0"
      object-assign "^4.0.1"
      tapable "^0.2.3"
  
  enhanced-resolve@^3.0.0:
    version "3.1.0"
    resolved "http://172.18.2.109:7001/enhanced-resolve/download/enhanced-resolve-3.1.0.tgz#9f4b626f577245edcf4b2ad83d86e17f4f421dec"
    dependencies:
      graceful-fs "^4.1.2"
      memory-fs "^0.4.0"
      object-assign "^4.0.1"
      tapable "^0.2.5"
  
  enhanced-resolve@~0.9.0:
    version "0.9.1"
    resolved "http://172.18.2.109:7001/enhanced-resolve/download/enhanced-resolve-0.9.1.tgz#4d6e689b3725f86090927ccc86cd9f1635b89e2e"
    dependencies:
      graceful-fs "^4.1.2"
      memory-fs "^0.2.0"
      tapable "^0.1.8"
  
  entities@~1.1.1:
    version "1.1.1"
    resolved "http://172.18.2.109:7001/entities/download/entities-1.1.1.tgz#6e5c2d0a5621b5dadaecef80b90edfb5cd7772f0"
  
  errno@^0.1.3:
    version "0.1.4"
    resolved "http://172.18.2.109:7001/errno/download/errno-0.1.4.tgz#b896e23a9e5e8ba33871fc996abd3635fc9a1c7d"
    dependencies:
      prr "~0.0.0"
  
  escape-html@~1.0.3:
    version "1.0.3"
    resolved "http://172.18.2.109:7001/escape-html/download/escape-html-1.0.3.tgz#0258eae4d3d0c0974de1c169188ef0051d1d1988"
  
  etag@~1.8.0:
    version "1.8.0"
    resolved "http://172.18.2.109:7001/etag/download/etag-1.8.0.tgz#6f631aef336d6c46362b51764044ce216be3c051"
  
  eventemitter3@1.x.x:
    version "1.2.0"
    resolved "http://172.18.2.109:7001/eventemitter3/download/eventemitter3-1.2.0.tgz#1c86991d816ad1e504750e73874224ecf3bec508"
  
  events@^1.0.0:
    version "1.1.1"
    resolved "http://172.18.2.109:7001/events/download/events-1.1.1.tgz#9ebdb7635ad099c70dcc4c2a1f5004288e8bd924"
  
  eventsource@0.1.6:
    version "0.1.6"
    resolved "http://172.18.2.109:7001/eventsource/download/eventsource-0.1.6.tgz#0acede849ed7dd1ccc32c811bb11b944d4f29232"
    dependencies:
      original ">=0.0.5"
  
  expand-brackets@^0.1.4:
    version "0.1.5"
    resolved "http://172.18.2.109:7001/expand-brackets/download/expand-brackets-0.1.5.tgz#df07284e342a807cd733ac5af72411e581d1177b"
    dependencies:
      is-posix-bracket "^0.1.0"
  
  expand-range@^1.8.1:
    version "1.8.2"
    resolved "http://172.18.2.109:7001/expand-range/download/expand-range-1.8.2.tgz#a299effd335fe2721ebae8e257ec79644fc85337"
    dependencies:
      fill-range "^2.1.0"
  
  express@^4.13.3:
    version "4.15.2"
    resolved "http://172.18.2.109:7001/express/download/express-4.15.2.tgz#af107fc148504457f2dca9a6f2571d7129b97b35"
    dependencies:
      accepts "~1.3.3"
      array-flatten "1.1.1"
      content-disposition "0.5.2"
      content-type "~1.0.2"
      cookie "0.3.1"
      cookie-signature "1.0.6"
      debug "2.6.1"
      depd "~1.1.0"
      encodeurl "~1.0.1"
      escape-html "~1.0.3"
      etag "~1.8.0"
      finalhandler "~1.0.0"
      fresh "0.5.0"
      merge-descriptors "1.0.1"
      methods "~1.1.2"
      on-finished "~2.3.0"
      parseurl "~1.3.1"
      path-to-regexp "0.1.7"
      proxy-addr "~1.1.3"
      qs "6.4.0"
      range-parser "~1.2.0"
      send "0.15.1"
      serve-static "1.12.1"
      setprototypeof "1.0.3"
      statuses "~1.3.1"
      type-is "~1.6.14"
      utils-merge "1.0.0"
      vary "~1.1.0"
  
  extend@~3.0.0:
    version "3.0.0"
    resolved "http://172.18.2.109:7001/extend/download/extend-3.0.0.tgz#5a474353b9f3353ddd8176dfd37b91c83a46f1d4"
  
  extglob@^0.3.1:
    version "0.3.2"
    resolved "http://172.18.2.109:7001/extglob/download/extglob-0.3.2.tgz#2e18ff3d2f49ab2765cec9023f011daa8d8349a1"
    dependencies:
      is-extglob "^1.0.0"
  
  extsprintf@1.0.2:
    version "1.0.2"
    resolved "http://172.18.2.109:7001/extsprintf/download/extsprintf-1.0.2.tgz#e1080e0658e300b06294990cc70e1502235fd550"
  
  faye-websocket@^0.10.0:
    version "0.10.0"
    resolved "http://172.18.2.109:7001/faye-websocket/download/faye-websocket-0.10.0.tgz#4e492f8d04dfb6f89003507f6edbf2d501e7c6f4"
    dependencies:
      websocket-driver ">=0.5.1"
  
  faye-websocket@~0.11.0:
    version "0.11.1"
    resolved "http://172.18.2.109:7001/faye-websocket/download/faye-websocket-0.11.1.tgz#f0efe18c4f56e4f40afc7e06c719fd5ee6188f38"
    dependencies:
      websocket-driver ">=0.5.1"
  
  fbjs@^0.8.1, fbjs@^0.8.4:
    version "0.8.11"
    resolved "http://172.18.2.109:7001/fbjs/download/fbjs-0.8.11.tgz#340b590b8a2278a01ef7467c07a16da9b753db24"
    dependencies:
      core-js "^1.0.0"
      isomorphic-fetch "^2.1.1"
      loose-envify "^1.0.0"
      object-assign "^4.1.0"
      promise "^7.1.1"
      setimmediate "^1.0.5"
      ua-parser-js "^0.7.9"
  
  file-loader@^0.10.1:
    version "0.10.1"
    resolved "http://172.18.2.109:7001/file-loader/download/file-loader-0.10.1.tgz#815034119891fc6441fb5a64c11bc93c22ddd842"
    dependencies:
      loader-utils "^1.0.2"
  
  filename-regex@^2.0.0:
    version "2.0.0"
    resolved "http://172.18.2.109:7001/filename-regex/download/filename-regex-2.0.0.tgz#996e3e80479b98b9897f15a8a58b3d084e926775"
  
  fill-range@^2.1.0:
    version "2.2.3"
    resolved "http://172.18.2.109:7001/fill-range/download/fill-range-2.2.3.tgz#50b77dfd7e469bc7492470963699fe7a8485a723"
    dependencies:
      is-number "^2.1.0"
      isobject "^2.0.0"
      randomatic "^1.1.3"
      repeat-element "^1.1.2"
      repeat-string "^1.5.2"
  
  finalhandler@~1.0.0:
    version "1.0.1"
    resolved "http://172.18.2.109:7001/finalhandler/download/finalhandler-1.0.1.tgz#bcd15d1689c0e5ed729b6f7f541a6df984117db8"
    dependencies:
      debug "2.6.3"
      encodeurl "~1.0.1"
      escape-html "~1.0.3"
      on-finished "~2.3.0"
      parseurl "~1.3.1"
      statuses "~1.3.1"
      unpipe "~1.0.0"
  
  for-in@^1.0.1:
    version "1.0.2"
    resolved "http://172.18.2.109:7001/for-in/download/for-in-1.0.2.tgz#81068d295a8142ec0ac726c6e2200c30fb6d5e80"
  
  for-own@^0.1.4:
    version "0.1.5"
    resolved "http://172.18.2.109:7001/for-own/download/for-own-0.1.5.tgz#5265c681a4f294dabbf17c9509b6763aa84510ce"
    dependencies:
      for-in "^1.0.1"
  
  forever-agent@~0.6.1:
    version "0.6.1"
    resolved "http://172.18.2.109:7001/forever-agent/download/forever-agent-0.6.1.tgz#fbc71f0c41adeb37f96c577ad1ed42d8fdacca91"
  
  form-data@~2.1.1:
    version "2.1.2"
    resolved "http://172.18.2.109:7001/form-data/download/form-data-2.1.2.tgz#89c3534008b97eada4cbb157d58f6f5df025eae4"
    dependencies:
      asynckit "^0.4.0"
      combined-stream "^1.0.5"
      mime-types "^2.1.12"
  
  forwarded@~0.1.0:
    version "0.1.0"
    resolved "http://172.18.2.109:7001/forwarded/download/forwarded-0.1.0.tgz#19ef9874c4ae1c297bcf078fde63a09b66a84363"
  
  fresh@0.5.0:
    version "0.5.0"
    resolved "http://172.18.2.109:7001/fresh/download/fresh-0.5.0.tgz#f474ca5e6a9246d6fd8e0953cfa9b9c805afa78e"
  
  fs-extra@^0.26.4:
    version "0.26.7"
    resolved "http://172.18.2.109:7001/fs-extra/download/fs-extra-0.26.7.tgz#9ae1fdd94897798edab76d0918cf42d0c3184fa9"
    dependencies:
      graceful-fs "^4.1.2"
      jsonfile "^2.1.0"
      klaw "^1.0.0"
      path-is-absolute "^1.0.0"
      rimraf "^2.2.8"
  
  fs.realpath@^1.0.0:
    version "1.0.0"
    resolved "http://172.18.2.109:7001/fs.realpath/download/fs.realpath-1.0.0.tgz#1504ad2523158caa40db4a2787cb01411994ea4f"
  
  fsevents@^1.0.0:
    version "1.1.1"
    resolved "http://172.18.2.109:7001/fsevents/download/fsevents-1.1.1.tgz#f19fd28f43eeaf761680e519a203c4d0b3d31aff"
    dependencies:
      nan "^2.3.0"
      node-pre-gyp "^0.6.29"
  
  fstream-ignore@^1.0.5:
    version "1.0.5"
    resolved "http://172.18.2.109:7001/fstream-ignore/download/fstream-ignore-1.0.5.tgz#9c31dae34767018fe1d249b24dada67d092da105"
    dependencies:
      fstream "^1.0.0"
      inherits "2"
      minimatch "^3.0.0"
  
  fstream@^1.0.0, fstream@^1.0.10, fstream@^1.0.2:
    version "1.0.11"
    resolved "http://172.18.2.109:7001/fstream/download/fstream-1.0.11.tgz#5c1fb1f117477114f0632a0eb4b71b3cb0fd3171"
    dependencies:
      graceful-fs "^4.1.2"
      inherits "~2.0.0"
      mkdirp ">=0.5 0"
      rimraf "2"
  
  gauge@~2.7.1:
    version "2.7.3"
    resolved "http://172.18.2.109:7001/gauge/download/gauge-2.7.3.tgz#1c23855f962f17b3ad3d0dc7443f304542edfe09"
    dependencies:
      aproba "^1.0.3"
      console-control-strings "^1.0.0"
      has-unicode "^2.0.0"
      object-assign "^4.1.0"
      signal-exit "^3.0.0"
      string-width "^1.0.1"
      strip-ansi "^3.0.1"
      wide-align "^1.1.0"
  
  getpass@^0.1.1:
    version "0.1.6"
    resolved "http://172.18.2.109:7001/getpass/download/getpass-0.1.6.tgz#283ffd9fc1256840875311c1b60e8c40187110e6"
    dependencies:
      assert-plus "^1.0.0"
  
  glob-base@^0.3.0:
    version "0.3.0"
    resolved "http://172.18.2.109:7001/glob-base/download/glob-base-0.3.0.tgz#dbb164f6221b1c0b1ccf82aea328b497df0ea3c4"
    dependencies:
      glob-parent "^2.0.0"
      is-glob "^2.0.0"
  
  glob-parent@^2.0.0:
    version "2.0.0"
    resolved "http://172.18.2.109:7001/glob-parent/download/glob-parent-2.0.0.tgz#81383d72db054fcccf5336daa902f182f6edbb28"
    dependencies:
      is-glob "^2.0.0"
  
  glob@^6.0.4:
    version "6.0.4"
    resolved "http://172.18.2.109:7001/glob/download/glob-6.0.4.tgz#0f08860f6a155127b2fadd4f9ce24b1aab6e4d22"
    dependencies:
      inflight "^1.0.4"
      inherits "2"
      minimatch "2 || 3"
      once "^1.3.0"
      path-is-absolute "^1.0.0"
  
  glob@^7.0.5:
    version "7.1.1"
    resolved "http://172.18.2.109:7001/glob/download/glob-7.1.1.tgz#805211df04faaf1c63a3600306cdf5ade50b2ec8"
    dependencies:
      fs.realpath "^1.0.0"
      inflight "^1.0.4"
      inherits "2"
      minimatch "^3.0.2"
      once "^1.3.0"
      path-is-absolute "^1.0.0"
  
  graceful-fs@^4.1.2, graceful-fs@^4.1.6, graceful-fs@^4.1.9:
    version "4.1.11"
    resolved "http://172.18.2.109:7001/graceful-fs/download/graceful-fs-4.1.11.tgz#0e8bdfe4d1ddb8854d64e04ea7c00e2a026e5658"
  
  "graceful-readlink@>= 1.0.0":
    version "1.0.1"
    resolved "http://172.18.2.109:7001/graceful-readlink/download/graceful-readlink-1.0.1.tgz#4cafad76bc62f02fa039b2f94e9a3dd3a391a725"
  
  har-schema@^1.0.5:
    version "1.0.5"
    resolved "http://172.18.2.109:7001/har-schema/download/har-schema-1.0.5.tgz#d263135f43307c02c602afc8fe95970c0151369e"
  
  har-validator@~4.2.1:
    version "4.2.1"
    resolved "http://172.18.2.109:7001/har-validator/download/har-validator-4.2.1.tgz#33481d0f1bbff600dd203d75812a6a5fba002e2a"
    dependencies:
      ajv "^4.9.1"
      har-schema "^1.0.5"
  
  has-flag@^1.0.0:
    version "1.0.0"
    resolved "http://172.18.2.109:7001/has-flag/download/has-flag-1.0.0.tgz#9d9e793165ce017a00f00418c43f942a7b1d11fa"
  
  has-unicode@^2.0.0:
    version "2.0.1"
    resolved "http://172.18.2.109:7001/has-unicode/download/has-unicode-2.0.1.tgz#e0e6fe6a28cf51138855e086d1691e771de2a8b9"
  
  hawk@~3.1.3:
    version "3.1.3"
    resolved "http://172.18.2.109:7001/hawk/download/hawk-3.1.3.tgz#078444bd7c1640b0fe540d2c9b73d59678e8e1c4"
    dependencies:
      boom "2.x.x"
      cryptiles "2.x.x"
      hoek "2.x.x"
      sntp "1.x.x"
  
  he@1.1.x:
    version "1.1.1"
    resolved "http://172.18.2.109:7001/he/download/he-1.1.1.tgz#93410fd21b009735151f8868c2f271f3427e23fd"
  
  hoek@2.x.x:
    version "2.16.3"
    resolved "http://172.18.2.109:7001/hoek/download/hoek-2.16.3.tgz#20bb7403d3cea398e91dc4710a8ff1b8274a25ed"
  
  hoist-non-react-statics@^1.2.0:
    version "1.2.0"
    resolved "http://172.18.2.109:7001/hoist-non-react-statics/download/hoist-non-react-statics-1.2.0.tgz#aa448cf0986d55cc40773b17174b7dd066cb7cfb"
  
  html-minifier@^3.2.3:
    version "3.4.2"
    resolved "http://172.18.2.109:7001/html-minifier/download/html-minifier-3.4.2.tgz#31896baaf735c1d95f7a0b7291f9dc36c0720752"
    dependencies:
      camel-case "3.0.x"
      clean-css "4.0.x"
      commander "2.9.x"
      he "1.1.x"
      ncname "1.0.x"
      param-case "2.1.x"
      relateurl "0.2.x"
      uglify-js "2.8.x"
  
  html-webpack-plugin@^2.28.0:
    version "2.28.0"
    resolved "http://172.18.2.109:7001/html-webpack-plugin/download/html-webpack-plugin-2.28.0.tgz#2e7863b57e5fd48fe263303e2ffc934c3064d009"
    dependencies:
      bluebird "^3.4.7"
      html-minifier "^3.2.3"
      loader-utils "^0.2.16"
      lodash "^4.17.3"
      pretty-error "^2.0.2"
      toposort "^1.0.0"
  
  htmlparser2@~3.3.0:
    version "3.3.0"
    resolved "http://172.18.2.109:7001/htmlparser2/download/htmlparser2-3.3.0.tgz#cc70d05a59f6542e43f0e685c982e14c924a9efe"
    dependencies:
      domelementtype "1"
      domhandler "2.1"
      domutils "1.1"
      readable-stream "1.0"
  
  http-errors@~1.5.0:
    version "1.5.1"
    resolved "http://172.18.2.109:7001/http-errors/download/http-errors-1.5.1.tgz#788c0d2c1de2c81b9e6e8c01843b6b97eb920750"
    dependencies:
      inherits "2.0.3"
      setprototypeof "1.0.2"
      statuses ">= 1.3.1 < 2"
  
  http-errors@~1.6.1:
    version "1.6.1"
    resolved "http://172.18.2.109:7001/http-errors/download/http-errors-1.6.1.tgz#5f8b8ed98aca545656bf572997387f904a722257"
    dependencies:
      depd "1.1.0"
      inherits "2.0.3"
      setprototypeof "1.0.3"
      statuses ">= 1.3.1 < 2"
  
  http-proxy-middleware@~0.17.1:
    version "0.17.4"
    resolved "http://172.18.2.109:7001/http-proxy-middleware/download/http-proxy-middleware-0.17.4.tgz#642e8848851d66f09d4f124912846dbaeb41b833"
    dependencies:
      http-proxy "^1.16.2"
      is-glob "^3.1.0"
      lodash "^4.17.2"
      micromatch "^2.3.11"
  
  http-proxy@^1.16.2:
    version "1.16.2"
    resolved "http://172.18.2.109:7001/http-proxy/download/http-proxy-1.16.2.tgz#06dff292952bf64dbe8471fa9df73066d4f37742"
    dependencies:
      eventemitter3 "1.x.x"
      requires-port "1.x.x"
  
  http-signature@~1.1.0:
    version "1.1.1"
    resolved "http://172.18.2.109:7001/http-signature/download/http-signature-1.1.1.tgz#df72e267066cd0ac67fb76adf8e134a8fbcf91bf"
    dependencies:
      assert-plus "^0.2.0"
      jsprim "^1.2.2"
      sshpk "^1.7.0"
  
  https-browserify@0.0.1:
    version "0.0.1"
    resolved "http://172.18.2.109:7001/https-browserify/download/https-browserify-0.0.1.tgz#3f91365cabe60b77ed0ebba24b454e3e09d95a82"
  
  iconv-lite@~0.4.13:
    version "0.4.15"
    resolved "http://172.18.2.109:7001/iconv-lite/download/iconv-lite-0.4.15.tgz#fe265a218ac6a57cfe854927e9d04c19825eddeb"
  
  ieee754@^1.1.4:
    version "1.1.8"
    resolved "http://172.18.2.109:7001/ieee754/download/ieee754-1.1.8.tgz#be33d40ac10ef1926701f6f08a2d86fbfd1ad3e4"
  
  indexof@0.0.1:
    version "0.0.1"
    resolved "http://172.18.2.109:7001/indexof/download/indexof-0.0.1.tgz#82dc336d232b9062179d05ab3293a66059fd435d"
  
  inflight@^1.0.4:
    version "1.0.6"
    resolved "http://172.18.2.109:7001/inflight/download/inflight-1.0.6.tgz#49bd6331d7d02d0c09bc910a1075ba8165b56df9"
    dependencies:
      once "^1.3.0"
      wrappy "1"
  
  inherits@2, inherits@2.0.3, inherits@^2.0.1, inherits@~2.0.0, inherits@~2.0.1:
    version "2.0.3"
    resolved "http://172.18.2.109:7001/inherits/download/inherits-2.0.3.tgz#633c2c83e3da42a502f52466022480f4208261de"
  
  inherits@2.0.1:
    version "2.0.1"
    resolved "http://172.18.2.109:7001/inherits/download/inherits-2.0.1.tgz#b17d08d326b4423e568eff719f91b0b1cbdf69f1"
  
  ini@~1.3.0:
    version "1.3.4"
    resolved "http://172.18.2.109:7001/ini/download/ini-1.3.4.tgz#0537cb79daf59b59a1a517dff706c86ec039162e"
  
  interpret@^0.6.4:
    version "0.6.6"
    resolved "http://172.18.2.109:7001/interpret/download/interpret-0.6.6.tgz#fecd7a18e7ce5ca6abfb953e1f86213a49f1625b"
  
  ipaddr.js@1.2.0:
    version "1.2.0"
    resolved "http://172.18.2.109:7001/ipaddr.js/download/ipaddr.js-1.2.0.tgz#8aba49c9192799585bdd643e0ccb50e8ae777ba4"
  
  is-binary-path@^1.0.0:
    version "1.0.1"
    resolved "http://172.18.2.109:7001/is-binary-path/download/is-binary-path-1.0.1.tgz#75f16642b480f187a711c814161fd3a4a7655898"
    dependencies:
      binary-extensions "^1.0.0"
  
  is-buffer@^1.0.2:
    version "1.1.5"
    resolved "http://172.18.2.109:7001/is-buffer/download/is-buffer-1.1.5.tgz#1f3b26ef613b214b88cbca23cc6c01d87961eecc"
  
  is-dotfile@^1.0.0:
    version "1.0.2"
    resolved "http://172.18.2.109:7001/is-dotfile/download/is-dotfile-1.0.2.tgz#2c132383f39199f8edc268ca01b9b007d205cc4d"
  
  is-equal-shallow@^0.1.3:
    version "0.1.3"
    resolved "http://172.18.2.109:7001/is-equal-shallow/download/is-equal-shallow-0.1.3.tgz#2238098fc221de0bcfa5d9eac4c45d638aa1c534"
    dependencies:
      is-primitive "^2.0.0"
  
  is-extendable@^0.1.1:
    version "0.1.1"
    resolved "http://172.18.2.109:7001/is-extendable/download/is-extendable-0.1.1.tgz#62b110e289a471418e3ec36a617d472e301dfc89"
  
  is-extglob@^1.0.0:
    version "1.0.0"
    resolved "http://172.18.2.109:7001/is-extglob/download/is-extglob-1.0.0.tgz#ac468177c4943405a092fc8f29760c6ffc6206c0"
  
  is-extglob@^2.1.0:
    version "2.1.1"
    resolved "http://172.18.2.109:7001/is-extglob/download/is-extglob-2.1.1.tgz#a88c02535791f02ed37c76a1b9ea9773c833f8c2"
  
  is-fullwidth-code-point@^1.0.0:
    version "1.0.0"
    resolved "http://172.18.2.109:7001/is-fullwidth-code-point/download/is-fullwidth-code-point-1.0.0.tgz#ef9e31386f031a7f0d643af82fde50c457ef00cb"
    dependencies:
      number-is-nan "^1.0.0"
  
  is-glob@^2.0.0, is-glob@^2.0.1:
    version "2.0.1"
    resolved "http://172.18.2.109:7001/is-glob/download/is-glob-2.0.1.tgz#d096f926a3ded5600f3fdfd91198cb0888c2d863"
    dependencies:
      is-extglob "^1.0.0"
  
  is-glob@^3.1.0:
    version "3.1.0"
    resolved "http://172.18.2.109:7001/is-glob/download/is-glob-3.1.0.tgz#7ba5ae24217804ac70707b96922567486cc3e84a"
    dependencies:
      is-extglob "^2.1.0"
  
  is-number@^2.0.2, is-number@^2.1.0:
    version "2.1.0"
    resolved "http://172.18.2.109:7001/is-number/download/is-number-2.1.0.tgz#01fcbbb393463a548f2f466cce16dece49db908f"
    dependencies:
      kind-of "^3.0.2"
  
  is-posix-bracket@^0.1.0:
    version "0.1.1"
    resolved "http://172.18.2.109:7001/is-posix-bracket/download/is-posix-bracket-0.1.1.tgz#3334dc79774368e92f016e6fbc0a88f5cd6e6bc4"
  
  is-primitive@^2.0.0:
    version "2.0.0"
    resolved "http://172.18.2.109:7001/is-primitive/download/is-primitive-2.0.0.tgz#207bab91638499c07b2adf240a41a87210034575"
  
  is-stream@^1.0.1:
    version "1.1.0"
    resolved "http://172.18.2.109:7001/is-stream/download/is-stream-1.1.0.tgz#12d4a3dd4e68e0b79ceb8dbc84173ae80d91ca44"
  
  is-typedarray@~1.0.0:
    version "1.0.0"
    resolved "http://172.18.2.109:7001/is-typedarray/download/is-typedarray-1.0.0.tgz#e479c80858df0c1b11ddda6940f96011fcda4a9a"
  
  is-windows@^1.0.0:
    version "1.0.0"
    resolved "http://172.18.2.109:7001/is-windows/download/is-windows-1.0.0.tgz#c61d61020c3ebe99261b781bd3d1622395f547f8"
  
  isarray@0.0.1:
    version "0.0.1"
    resolved "http://172.18.2.109:7001/isarray/download/isarray-0.0.1.tgz#8a18acfca9a8f4177e09abfc6038939b05d1eedf"
  
  isarray@1.0.0, isarray@^1.0.0, isarray@~1.0.0:
    version "1.0.0"
    resolved "http://172.18.2.109:7001/isarray/download/isarray-1.0.0.tgz#bb935d48582cba168c06834957a54a3e07124f11"
  
  isexe@^1.1.1:
    version "1.1.2"
    resolved "http://172.18.2.109:7001/isexe/download/isexe-1.1.2.tgz#36f3e22e60750920f5e7241a476a8c6a42275ad0"
  
  isobject@^2.0.0:
    version "2.1.0"
    resolved "http://172.18.2.109:7001/isobject/download/isobject-2.1.0.tgz#f065561096a3f1da2ef46272f815c840d87e0c89"
    dependencies:
      isarray "1.0.0"
  
  isomorphic-fetch@^2.1.1:
    version "2.2.1"
    resolved "http://172.18.2.109:7001/isomorphic-fetch/download/isomorphic-fetch-2.2.1.tgz#611ae1acf14f5e81f729507472819fe9733558a9"
    dependencies:
      node-fetch "^1.0.1"
      whatwg-fetch ">=0.10.0"
  
  isstream@~0.1.2:
    version "0.1.2"
    resolved "http://172.18.2.109:7001/isstream/download/isstream-0.1.2.tgz#47e63f7af55afa6f92e1500e690eb8b8529c099a"
  
  jodid25519@^1.0.0:
    version "1.0.2"
    resolved "http://172.18.2.109:7001/jodid25519/download/jodid25519-1.0.2.tgz#06d4912255093419477d425633606e0e90782967"
    dependencies:
      jsbn "~0.1.0"
  
  jquery@^3.1.1:
    version "3.2.1"
    resolved "http://172.18.2.109:7001/jquery/download/jquery-3.2.1.tgz#5c4d9de652af6cd0a770154a631bba12b015c787"
  
  js-tokens@^3.0.0:
    version "3.0.1"
    resolved "http://172.18.2.109:7001/js-tokens/download/js-tokens-3.0.1.tgz#08e9f132484a2c45a30907e9dc4d5567b7f114d7"
  
  jsbn@~0.1.0:
    version "0.1.1"
    resolved "http://172.18.2.109:7001/jsbn/download/jsbn-0.1.1.tgz#a5e654c2e5a2deb5f201d96cefbca80c0ef2f513"
  
  json-schema@0.2.3:
    version "0.2.3"
    resolved "http://172.18.2.109:7001/json-schema/download/json-schema-0.2.3.tgz#b480c892e59a2f05954ce727bd3f2a4e882f9e13"
  
  json-stable-stringify@^1.0.1:
    version "1.0.1"
    resolved "http://172.18.2.109:7001/json-stable-stringify/download/json-stable-stringify-1.0.1.tgz#9a759d39c5f2ff503fd5300646ed445f88c4f9af"
    dependencies:
      jsonify "~0.0.0"
  
  json-stringify-safe@~5.0.1:
    version "5.0.1"
    resolved "http://172.18.2.109:7001/json-stringify-safe/download/json-stringify-safe-5.0.1.tgz#1296a2d58fd45f19a0f6ce01d65701e2c735b6eb"
  
  json3@^3.3.2:
    version "3.3.2"
    resolved "http://172.18.2.109:7001/json3/download/json3-3.3.2.tgz#3c0434743df93e2f5c42aee7b19bcb483575f4e1"
  
  json5@^0.5.0:
    version "0.5.1"
    resolved "http://172.18.2.109:7001/json5/download/json5-0.5.1.tgz#1eade7acc012034ad84e2396767ead9fa5495821"
  
  jsonfile@^2.1.0:
    version "2.4.0"
    resolved "http://172.18.2.109:7001/jsonfile/download/jsonfile-2.4.0.tgz#3736a2b428b87bbda0cc83b53fa3d633a35c2ae8"
    optionalDependencies:
      graceful-fs "^4.1.6"
  
  jsonify@~0.0.0:
    version "0.0.0"
    resolved "http://172.18.2.109:7001/jsonify/download/jsonify-0.0.0.tgz#2c74b6ee41d93ca51b7b5aaee8f503631d252a73"
  
  jsprim@^1.2.2:
    version "1.4.0"
    resolved "http://172.18.2.109:7001/jsprim/download/jsprim-1.4.0.tgz#a3b87e40298d8c380552d8cc7628a0bb95a22918"
    dependencies:
      assert-plus "1.0.0"
      extsprintf "1.0.2"
      json-schema "0.2.3"
      verror "1.3.6"
  
  kind-of@^3.0.2:
    version "3.1.0"
    resolved "http://172.18.2.109:7001/kind-of/download/kind-of-3.1.0.tgz#475d698a5e49ff5e53d14e3e732429dc8bf4cf47"
    dependencies:
      is-buffer "^1.0.2"
  
  klaw@^1.0.0:
    version "1.3.1"
    resolved "http://172.18.2.109:7001/klaw/download/klaw-1.3.1.tgz#4088433b46b3b1ba259d78785d8e96f73ba02439"
    optionalDependencies:
      graceful-fs "^4.1.9"
  
  lazy-cache@^1.0.3:
    version "1.0.4"
    resolved "http://172.18.2.109:7001/lazy-cache/download/lazy-cache-1.0.4.tgz#a1d78fc3a50474cb80845d3b3b6e1da49a446e8e"
  
  loader-utils@^0.2.11, loader-utils@^0.2.15, loader-utils@^0.2.16, loader-utils@^0.2.6:
    version "0.2.17"
    resolved "http://172.18.2.109:7001/loader-utils/download/loader-utils-0.2.17.tgz#f86e6374d43205a6e6c60e9196f17c0299bfb348"
    dependencies:
      big.js "^3.1.3"
      emojis-list "^2.0.0"
      json5 "^0.5.0"
      object-assign "^4.0.1"
  
  loader-utils@^1.0.2:
    version "1.1.0"
    resolved "http://172.18.2.109:7001/loader-utils/download/loader-utils-1.1.0.tgz#c98aef488bcceda2ffb5e2de646d6a754429f5cd"
    dependencies:
      big.js "^3.1.3"
      emojis-list "^2.0.0"
      json5 "^0.5.0"
  
  lodash@^4.13.1, lodash@^4.17.2, lodash@^4.17.3, lodash@^4.17.4, lodash@^4.3.0:
    version "4.17.4"
    resolved "http://172.18.2.109:7001/lodash/download/lodash-4.17.4.tgz#78203a4d1c328ae1d86dca6460e369b57f4055ae"
  
  longest@^1.0.1:
    version "1.0.1"
    resolved "http://172.18.2.109:7001/longest/download/longest-1.0.1.tgz#30a0b2da38f73770e8294a0d22e6625ed77d0097"
  
  loose-envify@^1.0.0, loose-envify@^1.1.0:
    version "1.3.1"
    resolved "http://172.18.2.109:7001/loose-envify/download/loose-envify-1.3.1.tgz#d1a8ad33fa9ce0e713d65fdd0ac8b748d478c848"
    dependencies:
      js-tokens "^3.0.0"
  
  lower-case@^1.1.1:
    version "1.1.4"
    resolved "http://172.18.2.109:7001/lower-case/download/lower-case-1.1.4.tgz#9a2cabd1b9e8e0ae993a4bf7d5875c39c42e8eac"
  
  lru-cache@^4.0.1:
    version "4.0.2"
    resolved "http://172.18.2.109:7001/lru-cache/download/lru-cache-4.0.2.tgz#1d17679c069cda5d040991a09dbc2c0db377e55e"
    dependencies:
      pseudomap "^1.0.1"
      yallist "^2.0.0"
  
  media-typer@0.3.0:
    version "0.3.0"
    resolved "http://172.18.2.109:7001/media-typer/download/media-typer-0.3.0.tgz#8710d7af0aa626f8fffa1ce00168545263255748"
  
  memory-fs@^0.2.0:
    version "0.2.0"
    resolved "http://172.18.2.109:7001/memory-fs/download/memory-fs-0.2.0.tgz#f2bb25368bc121e391c2520de92969caee0a0290"
  
  memory-fs@^0.3.0, memory-fs@~0.3.0:
    version "0.3.0"
    resolved "http://172.18.2.109:7001/memory-fs/download/memory-fs-0.3.0.tgz#7bcc6b629e3a43e871d7e29aca6ae8a7f15cbb20"
    dependencies:
      errno "^0.1.3"
      readable-stream "^2.0.1"
  
  memory-fs@^0.4.0, memory-fs@~0.4.1:
    version "0.4.1"
    resolved "http://172.18.2.109:7001/memory-fs/download/memory-fs-0.4.1.tgz#3a9a20b8462523e447cfbc7e8bb80ed667bfc552"
    dependencies:
      errno "^0.1.3"
      readable-stream "^2.0.1"
  
  merge-descriptors@1.0.1:
    version "1.0.1"
    resolved "http://172.18.2.109:7001/merge-descriptors/download/merge-descriptors-1.0.1.tgz#b00aaa556dd8b44568150ec9d1b953f3f90cbb61"
  
  methods@~1.1.2:
    version "1.1.2"
    resolved "http://172.18.2.109:7001/methods/download/methods-1.1.2.tgz#5529a4d67654134edcc5266656835b0f851afcee"
  
  micromatch@^2.1.5, micromatch@^2.3.11:
    version "2.3.11"
    resolved "http://172.18.2.109:7001/micromatch/download/micromatch-2.3.11.tgz#86677c97d1720b363431d04d0d15293bd38c1565"
    dependencies:
      arr-diff "^2.0.0"
      array-unique "^0.2.1"
      braces "^1.8.2"
      expand-brackets "^0.1.4"
      extglob "^0.3.1"
      filename-regex "^2.0.0"
      is-extglob "^1.0.0"
      is-glob "^2.0.1"
      kind-of "^3.0.2"
      normalize-path "^2.0.1"
      object.omit "^2.0.0"
      parse-glob "^3.0.4"
      regex-cache "^0.4.2"
  
  "mime-db@>= 1.24.0 < 2":
    version "1.27.0"
    resolved "http://172.18.2.109:7001/mime-db/download/mime-db-1.27.0.tgz#820f572296bbd20ec25ed55e5b5de869e5436eb1"
  
  mime-db@~1.26.0:
    version "1.26.0"
    resolved "http://172.18.2.109:7001/mime-db/download/mime-db-1.26.0.tgz#eaffcd0e4fc6935cf8134da246e2e6c35305adff"
  
  mime-types@^2.1.12, mime-types@~2.1.11, mime-types@~2.1.13, mime-types@~2.1.7:
    version "2.1.14"
    resolved "http://172.18.2.109:7001/mime-types/download/mime-types-2.1.14.tgz#f7ef7d97583fcaf3b7d282b6f8b5679dab1e94ee"
    dependencies:
      mime-db "~1.26.0"
  
  mime@1.3.4, mime@1.3.x, mime@^1.3.4:
    version "1.3.4"
    resolved "http://172.18.2.109:7001/mime/download/mime-1.3.4.tgz#115f9e3b6b3daf2959983cb38f149a2d40eb5d53"
  
  "minimatch@2 || 3", minimatch@^3.0.0, minimatch@^3.0.2:
    version "3.0.3"
    resolved "http://172.18.2.109:7001/minimatch/download/minimatch-3.0.3.tgz#2a4e4090b96b2db06a9d7df01055a62a77c9b774"
    dependencies:
      brace-expansion "^1.0.0"
  
  minimist@0.0.8, minimist@~0.0.1:
    version "0.0.8"
    resolved "http://172.18.2.109:7001/minimist/download/minimist-0.0.8.tgz#857fcabfc3397d2625b8228262e86aa7a011b05d"
  
  minimist@^1.2.0:
    version "1.2.0"
    resolved "http://172.18.2.109:7001/minimist/download/minimist-1.2.0.tgz#a35008b20f41383eec1fb914f4cd5df79a264284"
  
  "mkdirp@>=0.5 0", mkdirp@^0.5.1, mkdirp@~0.5.0:
    version "0.5.1"
    resolved "http://172.18.2.109:7001/mkdirp/download/mkdirp-0.5.1.tgz#30057438eac6cf7f8c4767f38648d6697d75c903"
    dependencies:
      minimist "0.0.8"
  
  mobx-react-devtools@^4.2.6:
    version "4.2.11"
    resolved "http://172.18.2.109:7001/mobx-react-devtools/download/mobx-react-devtools-4.2.11.tgz#18d89a32b7d28b48228d12ccde73cf733aacc395"
  
  mobx-react@^4.1.3:
    version "4.1.3"
    resolved "http://172.18.2.109:7001/mobx-react/download/mobx-react-4.1.3.tgz#8074a0d06f1211177fd6f2cc4091b106e03d4b89"
    dependencies:
      hoist-non-react-statics "^1.2.0"
  
  mobx@^3.1.7:
    version "3.1.7"
    resolved "http://172.18.2.109:7001/mobx/download/mobx-3.1.7.tgz#910c01f6e2f7e88ec47baabefee5fe667d37ac00"
  
  ms@0.7.1:
    version "0.7.1"
    resolved "http://172.18.2.109:7001/ms/download/ms-0.7.1.tgz#9cd13c03adbff25b65effde7ce864ee952017098"
  
  ms@0.7.2:
    version "0.7.2"
    resolved "http://172.18.2.109:7001/ms/download/ms-0.7.2.tgz#ae25cf2512b3885a1d95d7f037868d8431124765"
  
  nan@^2.3.0:
    version "2.5.1"
    resolved "http://172.18.2.109:7001/nan/download/nan-2.5.1.tgz#d5b01691253326a97a2bbee9e61c55d8d60351e2"
  
  ncname@1.0.x:
    version "1.0.0"
    resolved "http://172.18.2.109:7001/ncname/download/ncname-1.0.0.tgz#5b57ad18b1ca092864ef62b0b1ed8194f383b71c"
    dependencies:
      xml-char-classes "^1.0.0"
  
  negotiator@0.6.1:
    version "0.6.1"
    resolved "http://172.18.2.109:7001/negotiator/download/negotiator-0.6.1.tgz#2b327184e8992101177b28563fb5e7102acd0ca9"
  
  no-case@^2.2.0:
    version "2.3.1"
    resolved "http://172.18.2.109:7001/no-case/download/no-case-2.3.1.tgz#7aeba1c73a52184265554b7dc03baf720df80081"
    dependencies:
      lower-case "^1.1.1"
  
  node-dir@^0.1.10:
    version "0.1.16"
    resolved "http://172.18.2.109:7001/node-dir/download/node-dir-0.1.16.tgz#d2ef583aa50b90d93db8cdd26fcea58353957fe4"
    dependencies:
      minimatch "^3.0.2"
  
  node-fetch@^1.0.1:
    version "1.6.3"
    resolved "http://172.18.2.109:7001/node-fetch/download/node-fetch-1.6.3.tgz#dc234edd6489982d58e8f0db4f695029abcd8c04"
    dependencies:
      encoding "^0.1.11"
      is-stream "^1.0.1"
  
  node-libs-browser@^0.7.0:
    version "0.7.0"
    resolved "http://172.18.2.109:7001/node-libs-browser/download/node-libs-browser-0.7.0.tgz#3e272c0819e308935e26674408d7af0e1491b83b"
    dependencies:
      assert "^1.1.1"
      browserify-zlib "^0.1.4"
      buffer "^4.9.0"
      console-browserify "^1.1.0"
      constants-browserify "^1.0.0"
      crypto-browserify "3.3.0"
      domain-browser "^1.1.1"
      events "^1.0.0"
      https-browserify "0.0.1"
      os-browserify "^0.2.0"
      path-browserify "0.0.0"
      process "^0.11.0"
      punycode "^1.2.4"
      querystring-es3 "^0.2.0"
      readable-stream "^2.0.5"
      stream-browserify "^2.0.1"
      stream-http "^2.3.1"
      string_decoder "^0.10.25"
      timers-browserify "^2.0.2"
      tty-browserify "0.0.0"
      url "^0.11.0"
      util "^0.10.3"
      vm-browserify "0.0.4"
  
  node-pre-gyp@^0.6.29:
    version "0.6.34"
    resolved "http://172.18.2.109:7001/node-pre-gyp/download/node-pre-gyp-0.6.34.tgz#94ad1c798a11d7fc67381b50d47f8cc18d9799f7"
    dependencies:
      mkdirp "^0.5.1"
      nopt "^4.0.1"
      npmlog "^4.0.2"
      rc "^1.1.7"
      request "^2.81.0"
      rimraf "^2.6.1"
      semver "^5.3.0"
      tar "^2.2.1"
      tar-pack "^3.4.0"
  
  nopt@^4.0.1:
    version "4.0.1"
    resolved "http://172.18.2.109:7001/nopt/download/nopt-4.0.1.tgz#d0d4685afd5415193c8c7505602d0d17cd64474d"
    dependencies:
      abbrev "1"
      osenv "^0.1.4"
  
  normalize-path@^2.0.1:
    version "2.0.1"
    resolved "http://172.18.2.109:7001/normalize-path/download/normalize-path-2.0.1.tgz#47886ac1662760d4261b7d979d241709d3ce3f7a"
  
  npmlog@^4.0.2:
    version "4.0.2"
    resolved "http://172.18.2.109:7001/npmlog/download/npmlog-4.0.2.tgz#d03950e0e78ce1527ba26d2a7592e9348ac3e75f"
    dependencies:
      are-we-there-yet "~1.1.2"
      console-control-strings "~1.1.0"
      gauge "~2.7.1"
      set-blocking "~2.0.0"
  
  nth-check@~1.0.1:
    version "1.0.1"
    resolved "http://172.18.2.109:7001/nth-check/download/nth-check-1.0.1.tgz#9929acdf628fc2c41098deab82ac580cf149aae4"
    dependencies:
      boolbase "~1.0.0"
  
  number-is-nan@^1.0.0:
    version "1.0.1"
    resolved "http://172.18.2.109:7001/number-is-nan/download/number-is-nan-1.0.1.tgz#097b602b53422a522c1afb8790318336941a011d"
  
  oauth-sign@~0.8.1:
    version "0.8.2"
    resolved "http://172.18.2.109:7001/oauth-sign/download/oauth-sign-0.8.2.tgz#46a6ab7f0aead8deae9ec0565780b7d4efeb9d43"
  
  object-assign@^4.0.1, object-assign@^4.1.0:
    version "4.1.1"
    resolved "http://172.18.2.109:7001/object-assign/download/object-assign-4.1.1.tgz#2109adc7965887cfc05cbbd442cac8bfbb360863"
  
  object.omit@^2.0.0:
    version "2.0.1"
    resolved "http://172.18.2.109:7001/object.omit/download/object.omit-2.0.1.tgz#1a9c744829f39dbb858c76ca3579ae2a54ebd1fa"
    dependencies:
      for-own "^0.1.4"
      is-extendable "^0.1.1"
  
  on-finished@~2.3.0:
    version "2.3.0"
    resolved "http://172.18.2.109:7001/on-finished/download/on-finished-2.3.0.tgz#20f1336481b083cd75337992a16971aa2d906947"
    dependencies:
      ee-first "1.1.1"
  
  on-headers@~1.0.1:
    version "1.0.1"
    resolved "http://172.18.2.109:7001/on-headers/download/on-headers-1.0.1.tgz#928f5d0f470d49342651ea6794b0857c100693f7"
  
  once@^1.3.0, once@^1.3.3:
    version "1.4.0"
    resolved "http://172.18.2.109:7001/once/download/once-1.4.0.tgz#583b1aa775961d4b113ac17d9c50baef9dd76bd1"
    dependencies:
      wrappy "1"
  
  open@0.0.5:
    version "0.0.5"
    resolved "http://172.18.2.109:7001/open/download/open-0.0.5.tgz#42c3e18ec95466b6bf0dc42f3a2945c3f0cad8fc"
  
  optimist@~0.6.0, optimist@~0.6.1:
    version "0.6.1"
    resolved "http://172.18.2.109:7001/optimist/download/optimist-0.6.1.tgz#da3ea74686fa21a19a111c326e90eb15a0196686"
    dependencies:
      minimist "~0.0.1"
      wordwrap "~0.0.2"
  
  original@>=0.0.5:
    version "1.0.0"
    resolved "http://172.18.2.109:7001/original/download/original-1.0.0.tgz#9147f93fa1696d04be61e01bd50baeaca656bd3b"
    dependencies:
      url-parse "1.0.x"
  
  os-browserify@^0.2.0:
    version "0.2.1"
    resolved "http://172.18.2.109:7001/os-browserify/download/os-browserify-0.2.1.tgz#63fc4ccee5d2d7763d26bbf8601078e6c2e0044f"
  
  os-homedir@^1.0.0:
    version "1.0.2"
    resolved "http://172.18.2.109:7001/os-homedir/download/os-homedir-1.0.2.tgz#ffbc4988336e0e833de0c168c7ef152121aa7fb3"
  
  os-tmpdir@^1.0.0:
    version "1.0.2"
    resolved "http://172.18.2.109:7001/os-tmpdir/download/os-tmpdir-1.0.2.tgz#bbe67406c79aa85c5cfec766fe5734555dfa1274"
  
  osenv@^0.1.4:
    version "0.1.4"
    resolved "http://172.18.2.109:7001/osenv/download/osenv-0.1.4.tgz#42fe6d5953df06c8064be6f176c3d05aaaa34644"
    dependencies:
      os-homedir "^1.0.0"
      os-tmpdir "^1.0.0"
  
  pako@~0.2.0:
    version "0.2.9"
    resolved "http://172.18.2.109:7001/pako/download/pako-0.2.9.tgz#f3f7522f4ef782348da8161bad9ecfd51bf83a75"
  
  param-case@2.1.x:
    version "2.1.1"
    resolved "http://172.18.2.109:7001/param-case/download/param-case-2.1.1.tgz#df94fd8cf6531ecf75e6bef9a0858fbc72be2247"
    dependencies:
      no-case "^2.2.0"
  
  parse-glob@^3.0.4:
    version "3.0.4"
    resolved "http://172.18.2.109:7001/parse-glob/download/parse-glob-3.0.4.tgz#b2c376cfb11f35513badd173ef0bb6e3a388391c"
    dependencies:
      glob-base "^0.3.0"
      is-dotfile "^1.0.0"
      is-extglob "^1.0.0"
      is-glob "^2.0.0"
  
  parseurl@~1.3.1:
    version "1.3.1"
    resolved "http://172.18.2.109:7001/parseurl/download/parseurl-1.3.1.tgz#c8ab8c9223ba34888aa64a297b28853bec18da56"
  
  path-browserify@0.0.0:
    version "0.0.0"
    resolved "http://172.18.2.109:7001/path-browserify/download/path-browserify-0.0.0.tgz#a0b870729aae214005b7d5032ec2cbbb0fb4451a"
  
  path-is-absolute@^1.0.0:
    version "1.0.1"
    resolved "http://172.18.2.109:7001/path-is-absolute/download/path-is-absolute-1.0.1.tgz#174b9268735534ffbc7ace6bf53a5a9e1b5c5f5f"
  
  path-to-regexp@0.1.7:
    version "0.1.7"
    resolved "http://172.18.2.109:7001/path-to-regexp/download/path-to-regexp-0.1.7.tgz#df604178005f522f15eb4490e7247a1bfaa67f8c"
  
  pbkdf2-compat@2.0.1:
    version "2.0.1"
    resolved "http://172.18.2.109:7001/pbkdf2-compat/download/pbkdf2-compat-2.0.1.tgz#b6e0c8fa99494d94e0511575802a59a5c142f288"
  
  performance-now@^0.2.0:
    version "0.2.0"
    resolved "http://172.18.2.109:7001/performance-now/download/performance-now-0.2.0.tgz#33ef30c5c77d4ea21c5a53869d91b56d8f2555e5"
  
  preserve@^0.2.0:
    version "0.2.0"
    resolved "http://172.18.2.109:7001/preserve/download/preserve-0.2.0.tgz#815ed1f6ebc65926f865b310c0713bcb3315ce4b"
  
  pretty-error@^2.0.2:
    version "2.0.3"
    resolved "http://172.18.2.109:7001/pretty-error/download/pretty-error-2.0.3.tgz#bed3d816a008e76da617cde8216f4b778849b5d9"
    dependencies:
      renderkid "^2.0.1"
      utila "~0.4"
  
  process-nextick-args@~1.0.6:
    version "1.0.7"
    resolved "http://172.18.2.109:7001/process-nextick-args/download/process-nextick-args-1.0.7.tgz#150e20b756590ad3f91093f25a4f2ad8bff30ba3"
  
  process@^0.11.0:
    version "0.11.9"
    resolved "http://172.18.2.109:7001/process/download/process-0.11.9.tgz#7bd5ad21aa6253e7da8682264f1e11d11c0318c1"
  
  promise@^7.1.1:
    version "7.1.1"
    resolved "http://172.18.2.109:7001/promise/download/promise-7.1.1.tgz#489654c692616b8aa55b0724fa809bb7db49c5bf"
    dependencies:
      asap "~2.0.3"
  
  proxy-addr@~1.1.3:
    version "1.1.3"
    resolved "http://172.18.2.109:7001/proxy-addr/download/proxy-addr-1.1.3.tgz#dc97502f5722e888467b3fa2297a7b1ff47df074"
    dependencies:
      forwarded "~0.1.0"
      ipaddr.js "1.2.0"
  
  prr@~0.0.0:
    version "0.0.0"
    resolved "http://172.18.2.109:7001/prr/download/prr-0.0.0.tgz#1a84b85908325501411853d0081ee3fa86e2926a"
  
  pseudomap@^1.0.1:
    version "1.0.2"
    resolved "http://172.18.2.109:7001/pseudomap/download/pseudomap-1.0.2.tgz#f052a28da70e618917ef0a8ac34c1ae5a68286b3"
  
  punycode@1.3.2:
    version "1.3.2"
    resolved "http://172.18.2.109:7001/punycode/download/punycode-1.3.2.tgz#9653a036fb7c1ee42342f2325cceefea3926c48d"
  
  punycode@^1.2.4, punycode@^1.4.1:
    version "1.4.1"
    resolved "http://172.18.2.109:7001/punycode/download/punycode-1.4.1.tgz#c0d5a63b2718800ad8e1eb0fa5269c84dd41845e"
  
  qs@6.4.0, qs@~6.4.0:
    version "6.4.0"
    resolved "http://172.18.2.109:7001/qs/download/qs-6.4.0.tgz#13e26d28ad6b0ffaa91312cd3bf708ed351e7233"
  
  querystring-es3@^0.2.0:
    version "0.2.1"
    resolved "http://172.18.2.109:7001/querystring-es3/download/querystring-es3-0.2.1.tgz#9ec61f79049875707d69414596fd907a4d711e73"
  
  querystring@0.2.0:
    version "0.2.0"
    resolved "http://172.18.2.109:7001/querystring/download/querystring-0.2.0.tgz#b209849203bb25df820da756e747005878521620"
  
  querystringify@0.0.x:
    version "0.0.4"
    resolved "http://172.18.2.109:7001/querystringify/download/querystringify-0.0.4.tgz#0cf7f84f9463ff0ae51c4c4b142d95be37724d9c"
  
  randomatic@^1.1.3:
    version "1.1.6"
    resolved "http://172.18.2.109:7001/randomatic/download/randomatic-1.1.6.tgz#110dcabff397e9dcff7c0789ccc0a49adf1ec5bb"
    dependencies:
      is-number "^2.0.2"
      kind-of "^3.0.2"
  
  range-parser@^1.0.3, range-parser@~1.2.0:
    version "1.2.0"
    resolved "http://172.18.2.109:7001/range-parser/download/range-parser-1.2.0.tgz#f49be6b487894ddc40dcc94a322f611092e00d5e"
  
  rc@^1.1.7:
    version "1.1.7"
    resolved "http://172.18.2.109:7001/rc/download/rc-1.1.7.tgz#c5ea564bb07aff9fd3a5b32e906c1d3a65940fea"
    dependencies:
      deep-extend "~0.4.0"
      ini "~1.3.0"
      minimist "^1.2.0"
      strip-json-comments "~2.0.1"
  
  react-dom@^15.4.2:
    version "15.4.2"
    resolved "http://172.18.2.109:7001/react-dom/download/react-dom-15.4.2.tgz#015363f05b0a1fd52ae9efdd3a0060d90695208f"
    dependencies:
      fbjs "^0.8.1"
      loose-envify "^1.1.0"
      object-assign "^4.1.0"
  
  react@^15.4.2:
    version "15.4.2"
    resolved "http://172.18.2.109:7001/react/download/react-15.4.2.tgz#41f7991b26185392ba9bae96c8889e7e018397ef"
    dependencies:
      fbjs "^0.8.4"
      loose-envify "^1.1.0"
      object-assign "^4.1.0"
  
  readable-stream@1.0:
    version "1.0.34"
    resolved "http://172.18.2.109:7001/readable-stream/download/readable-stream-1.0.34.tgz#125820e34bc842d2f2aaafafe4c2916ee32c157c"
    dependencies:
      core-util-is "~1.0.0"
      inherits "~2.0.1"
      isarray "0.0.1"
      string_decoder "~0.10.x"
  
  "readable-stream@^2.0.0 || ^1.1.13", readable-stream@^2.0.1, readable-stream@^2.0.2, readable-stream@^2.0.5, readable-stream@^2.1.0, readable-stream@^2.1.4:
    version "2.2.6"
    resolved "http://172.18.2.109:7001/readable-stream/download/readable-stream-2.2.6.tgz#8b43aed76e71483938d12a8d46c6cf1a00b1f816"
    dependencies:
      buffer-shims "^1.0.0"
      core-util-is "~1.0.0"
      inherits "~2.0.1"
      isarray "~1.0.0"
      process-nextick-args "~1.0.6"
      string_decoder "~0.10.x"
      util-deprecate "~1.0.1"
  
  readdirp@^2.0.0:
    version "2.1.0"
    resolved "http://172.18.2.109:7001/readdirp/download/readdirp-2.1.0.tgz#4ed0ad060df3073300c48440373f72d1cc642d78"
    dependencies:
      graceful-fs "^4.1.2"
      minimatch "^3.0.2"
      readable-stream "^2.0.2"
      set-immediate-shim "^1.0.1"
  
  regex-cache@^0.4.2:
    version "0.4.3"
    resolved "http://172.18.2.109:7001/regex-cache/download/regex-cache-0.4.3.tgz#9b1a6c35d4d0dfcef5711ae651e8e9d3d7114145"
    dependencies:
      is-equal-shallow "^0.1.3"
      is-primitive "^2.0.0"
  
  relateurl@0.2.x:
    version "0.2.7"
    resolved "http://172.18.2.109:7001/relateurl/download/relateurl-0.2.7.tgz#54dbf377e51440aca90a4cd274600d3ff2d888a9"
  
  renderkid@^2.0.1:
    version "2.0.1"
    resolved "http://172.18.2.109:7001/renderkid/download/renderkid-2.0.1.tgz#898cabfc8bede4b7b91135a3ffd323e58c0db319"
    dependencies:
      css-select "^1.1.0"
      dom-converter "~0.1"
      htmlparser2 "~3.3.0"
      strip-ansi "^3.0.0"
      utila "~0.3"
  
  repeat-element@^1.1.2:
    version "1.1.2"
    resolved "http://172.18.2.109:7001/repeat-element/download/repeat-element-1.1.2.tgz#ef089a178d1483baae4d93eb98b4f9e4e11d990a"
  
  repeat-string@^1.5.2:
    version "1.6.1"
    resolved "http://172.18.2.109:7001/repeat-string/download/repeat-string-1.6.1.tgz#8dcae470e1c88abc2d600fff4a776286da75e637"
  
  request@^2.81.0:
    version "2.81.0"
    resolved "http://172.18.2.109:7001/request/download/request-2.81.0.tgz#c6928946a0e06c5f8d6f8a9333469ffda46298a0"
    dependencies:
      aws-sign2 "~0.6.0"
      aws4 "^1.2.1"
      caseless "~0.12.0"
      combined-stream "~1.0.5"
      extend "~3.0.0"
      forever-agent "~0.6.1"
      form-data "~2.1.1"
      har-validator "~4.2.1"
      hawk "~3.1.3"
      http-signature "~1.1.0"
      is-typedarray "~1.0.0"
      isstream "~0.1.2"
      json-stringify-safe "~5.0.1"
      mime-types "~2.1.7"
      oauth-sign "~0.8.1"
      performance-now "^0.2.0"
      qs "~6.4.0"
      safe-buffer "^5.0.1"
      stringstream "~0.0.4"
      tough-cookie "~2.3.0"
      tunnel-agent "^0.6.0"
      uuid "^3.0.0"
  
  requires-port@1.0.x, requires-port@1.x.x:
    version "1.0.0"
    resolved "http://172.18.2.109:7001/requires-port/download/requires-port-1.0.0.tgz#925d2601d39ac485e091cf0da5c6e694dc3dcaff"
  
  right-align@^0.1.1:
    version "0.1.3"
    resolved "http://172.18.2.109:7001/right-align/download/right-align-0.1.3.tgz#61339b722fe6a3515689210d24e14c96148613ef"
    dependencies:
      align-text "^0.1.1"
  
  rimraf@2, rimraf@^2.2.8, rimraf@^2.5.1, rimraf@^2.6.1:
    version "2.6.1"
    resolved "http://172.18.2.109:7001/rimraf/download/rimraf-2.6.1.tgz#c2338ec643df7a1b7fe5c54fa86f57428a55f33d"
    dependencies:
      glob "^7.0.5"
  
  ripemd160@0.2.0:
    version "0.2.0"
    resolved "http://172.18.2.109:7001/ripemd160/download/ripemd160-0.2.0.tgz#2bf198bde167cacfa51c0a928e84b68bbe171fce"
  
  safe-buffer@^5.0.1:
    version "5.0.1"
    resolved "http://172.18.2.109:7001/safe-buffer/download/safe-buffer-5.0.1.tgz#d263ca54696cd8a306b5ca6551e92de57918fbe7"
  
  semver@^5.0.1, semver@^5.3.0:
    version "5.3.0"
    resolved "http://172.18.2.109:7001/semver/download/semver-5.3.0.tgz#9b2ce5d3de02d17c6012ad326aa6b4d0cf54f94f"
  
  send@0.15.1:
    version "0.15.1"
    resolved "http://172.18.2.109:7001/send/download/send-0.15.1.tgz#8a02354c26e6f5cca700065f5f0cdeba90ec7b5f"
    dependencies:
      debug "2.6.1"
      depd "~1.1.0"
      destroy "~1.0.4"
      encodeurl "~1.0.1"
      escape-html "~1.0.3"
      etag "~1.8.0"
      fresh "0.5.0"
      http-errors "~1.6.1"
      mime "1.3.4"
      ms "0.7.2"
      on-finished "~2.3.0"
      range-parser "~1.2.0"
      statuses "~1.3.1"
  
  serve-index@^1.7.2:
    version "1.8.0"
    resolved "http://172.18.2.109:7001/serve-index/download/serve-index-1.8.0.tgz#7c5d96c13fb131101f93c1c5774f8516a1e78d3b"
    dependencies:
      accepts "~1.3.3"
      batch "0.5.3"
      debug "~2.2.0"
      escape-html "~1.0.3"
      http-errors "~1.5.0"
      mime-types "~2.1.11"
      parseurl "~1.3.1"
  
  serve-static@1.12.1:
    version "1.12.1"
    resolved "http://172.18.2.109:7001/serve-static/download/serve-static-1.12.1.tgz#7443a965e3ced647aceb5639fa06bf4d1bbe0039"
    dependencies:
      encodeurl "~1.0.1"
      escape-html "~1.0.3"
      parseurl "~1.3.1"
      send "0.15.1"
  
  set-blocking@~2.0.0:
    version "2.0.0"
    resolved "http://172.18.2.109:7001/set-blocking/download/set-blocking-2.0.0.tgz#045f9782d011ae9a6803ddd382b24392b3d890f7"
  
  set-immediate-shim@^1.0.1:
    version "1.0.1"
    resolved "http://172.18.2.109:7001/set-immediate-shim/download/set-immediate-shim-1.0.1.tgz#4b2b1b27eb808a9f8dcc481a58e5e56f599f3f61"
  
  setimmediate@^1.0.4, setimmediate@^1.0.5:
    version "1.0.5"
    resolved "http://172.18.2.109:7001/setimmediate/download/setimmediate-1.0.5.tgz#290cbb232e306942d7d7ea9b83732ab7856f8285"
  
  setprototypeof@1.0.2:
    version "1.0.2"
    resolved "http://172.18.2.109:7001/setprototypeof/download/setprototypeof-1.0.2.tgz#81a552141ec104b88e89ce383103ad5c66564d08"
  
  setprototypeof@1.0.3:
    version "1.0.3"
    resolved "http://172.18.2.109:7001/setprototypeof/download/setprototypeof-1.0.3.tgz#66567e37043eeb4f04d91bd658c0cbefb55b8e04"
  
  sha.js@2.2.6:
    version "2.2.6"
    resolved "http://172.18.2.109:7001/sha.js/download/sha.js-2.2.6.tgz#17ddeddc5f722fb66501658895461977867315ba"
  
  shebang-command@^1.2.0:
    version "1.2.0"
    resolved "http://172.18.2.109:7001/shebang-command/download/shebang-command-1.2.0.tgz#44aac65b695b03398968c39f363fee5deafdf1ea"
    dependencies:
      shebang-regex "^1.0.0"
  
  shebang-regex@^1.0.0:
    version "1.0.0"
    resolved "http://172.18.2.109:7001/shebang-regex/download/shebang-regex-1.0.0.tgz#da42f49740c0b42db2ca9728571cb190c98efea3"
  
  signal-exit@^3.0.0:
    version "3.0.2"
    resolved "http://172.18.2.109:7001/signal-exit/download/signal-exit-3.0.2.tgz#b5fdc08f1287ea1178628e415e25132b73646c6d"
  
  sntp@1.x.x:
    version "1.0.9"
    resolved "http://172.18.2.109:7001/sntp/download/sntp-1.0.9.tgz#6541184cc90aeea6c6e7b35e2659082443c66198"
    dependencies:
      hoek "2.x.x"
  
  sockjs-client@^1.0.3:
    version "1.1.2"
    resolved "http://172.18.2.109:7001/sockjs-client/download/sockjs-client-1.1.2.tgz#f0212a8550e4c9468c8cceaeefd2e3493c033ad5"
    dependencies:
      debug "^2.2.0"
      eventsource "0.1.6"
      faye-websocket "~0.11.0"
      inherits "^2.0.1"
      json3 "^3.3.2"
      url-parse "^1.1.1"
  
  sockjs@^0.3.15:
    version "0.3.18"
    resolved "http://172.18.2.109:7001/sockjs/download/sockjs-0.3.18.tgz#d9b289316ca7df77595ef299e075f0f937eb4207"
    dependencies:
      faye-websocket "^0.10.0"
      uuid "^2.0.2"
  
  source-list-map@~0.1.7:
    version "0.1.8"
    resolved "http://172.18.2.109:7001/source-list-map/download/source-list-map-0.1.8.tgz#c550b2ab5427f6b3f21f5afead88c4f5587b2106"
  
  source-map-support@^0.4.0:
    version "0.4.14"
    resolved "http://172.18.2.109:7001/source-map-support/download/source-map-support-0.4.14.tgz#9d4463772598b86271b4f523f6c1f4e02a7d6aef"
    dependencies:
      source-map "^0.5.6"
  
  source-map@0.5.x, source-map@^0.5.6, source-map@~0.5.1:
    version "0.5.6"
    resolved "http://172.18.2.109:7001/source-map/download/source-map-0.5.6.tgz#75ce38f52bf0733c5a7f0c118d81334a2bb5f412"
  
  source-map@~0.4.1:
    version "0.4.4"
    resolved "http://172.18.2.109:7001/source-map/download/source-map-0.4.4.tgz#eba4f5da9c0dc999de68032d8b4f76173652036b"
    dependencies:
      amdefine ">=0.0.4"
  
  sshpk@^1.7.0:
    version "1.11.0"
    resolved "http://172.18.2.109:7001/sshpk/download/sshpk-1.11.0.tgz#2d8d5ebb4a6fab28ffba37fa62a90f4a3ea59d77"
    dependencies:
      asn1 "~0.2.3"
      assert-plus "^1.0.0"
      dashdash "^1.12.0"
      getpass "^0.1.1"
    optionalDependencies:
      bcrypt-pbkdf "^1.0.0"
      ecc-jsbn "~0.1.1"
      jodid25519 "^1.0.0"
      jsbn "~0.1.0"
      tweetnacl "~0.14.0"
  
  "statuses@>= 1.3.1 < 2", statuses@~1.3.1:
    version "1.3.1"
    resolved "http://172.18.2.109:7001/statuses/download/statuses-1.3.1.tgz#faf51b9eb74aaef3b3acf4ad5f61abf24cb7b93e"
  
  stream-browserify@^2.0.1:
    version "2.0.1"
    resolved "http://172.18.2.109:7001/stream-browserify/download/stream-browserify-2.0.1.tgz#66266ee5f9bdb9940a4e4514cafb43bb71e5c9db"
    dependencies:
      inherits "~2.0.1"
      readable-stream "^2.0.2"
  
  stream-cache@~0.0.1:
    version "0.0.2"
    resolved "http://172.18.2.109:7001/stream-cache/download/stream-cache-0.0.2.tgz#1ac5ad6832428ca55667dbdee395dad4e6db118f"
  
  stream-http@^2.3.1:
    version "2.6.3"
    resolved "http://172.18.2.109:7001/stream-http/download/stream-http-2.6.3.tgz#4c3ddbf9635968ea2cfd4e48d43de5def2625ac3"
    dependencies:
      builtin-status-codes "^3.0.0"
      inherits "^2.0.1"
      readable-stream "^2.1.0"
      to-arraybuffer "^1.0.0"
      xtend "^4.0.0"
  
  string-width@^1.0.1:
    version "1.0.2"
    resolved "http://172.18.2.109:7001/string-width/download/string-width-1.0.2.tgz#118bdf5b8cdc51a2a7e70d211e07e2b0b9b107d3"
    dependencies:
      code-point-at "^1.0.0"
      is-fullwidth-code-point "^1.0.0"
      strip-ansi "^3.0.0"
  
  string_decoder@^0.10.25, string_decoder@~0.10.x:
    version "0.10.31"
    resolved "http://172.18.2.109:7001/string_decoder/download/string_decoder-0.10.31.tgz#62e203bc41766c6c28c9fc84301dab1c5310fa94"
  
  stringstream@~0.0.4:
    version "0.0.5"
    resolved "http://172.18.2.109:7001/stringstream/download/stringstream-0.0.5.tgz#4e484cd4de5a0bbbee18e46307710a8a81621878"
  
  strip-ansi@^3.0.0, strip-ansi@^3.0.1:
    version "3.0.1"
    resolved "http://172.18.2.109:7001/strip-ansi/download/strip-ansi-3.0.1.tgz#6a385fb8853d952d5ff05d0e8aaf94278dc63dcf"
    dependencies:
      ansi-regex "^2.0.0"
  
  strip-json-comments@~2.0.1:
    version "2.0.1"
    resolved "http://172.18.2.109:7001/strip-json-comments/download/strip-json-comments-2.0.1.tgz#3c531942e908c2697c0ec344858c286c7ca0a60a"
  
  supports-color@^3.1.0, supports-color@^3.1.1:
    version "3.2.3"
    resolved "http://172.18.2.109:7001/supports-color/download/supports-color-3.2.3.tgz#65ac0504b3954171d8a64946b2ae3cbb8a5f54f6"
    dependencies:
      has-flag "^1.0.0"
  
  tapable@^0.1.8, tapable@~0.1.8:
    version "0.1.10"
    resolved "http://172.18.2.109:7001/tapable/download/tapable-0.1.10.tgz#29c35707c2b70e50d07482b5d202e8ed446dafd4"
  
  tapable@^0.2.3, tapable@^0.2.5:
    version "0.2.6"
    resolved "http://172.18.2.109:7001/tapable/download/tapable-0.2.6.tgz#206be8e188860b514425375e6f1ae89bfb01fd8d"
  
  tar-pack@^3.4.0:
    version "3.4.0"
    resolved "http://172.18.2.109:7001/tar-pack/download/tar-pack-3.4.0.tgz#23be2d7f671a8339376cbdb0b8fe3fdebf317984"
    dependencies:
      debug "^2.2.0"
      fstream "^1.0.10"
      fstream-ignore "^1.0.5"
      once "^1.3.3"
      readable-stream "^2.1.4"
      rimraf "^2.5.1"
      tar "^2.2.1"
      uid-number "^0.0.6"
  
  tar@^2.2.1:
    version "2.2.1"
    resolved "http://172.18.2.109:7001/tar/download/tar-2.2.1.tgz#8e4d2a256c0e2185c6b18ad694aec968b83cb1d1"
    dependencies:
      block-stream "*"
      fstream "^1.0.2"
      inherits "2"
  
  timers-browserify@^2.0.2:
    version "2.0.2"
    resolved "http://172.18.2.109:7001/timers-browserify/download/timers-browserify-2.0.2.tgz#ab4883cf597dcd50af211349a00fbca56ac86b86"
    dependencies:
      setimmediate "^1.0.4"
  
  to-arraybuffer@^1.0.0:
    version "1.0.1"
    resolved "http://172.18.2.109:7001/to-arraybuffer/download/to-arraybuffer-1.0.1.tgz#7d229b1fcc637e466ca081180836a7aabff83f43"
  
  toposort@^1.0.0:
    version "1.0.3"
    resolved "http://172.18.2.109:7001/toposort/download/toposort-1.0.3.tgz#f02cd8a74bd8be2fc0e98611c3bacb95a171869c"
  
  tough-cookie@~2.3.0:
    version "2.3.2"
    resolved "http://172.18.2.109:7001/tough-cookie/download/tough-cookie-2.3.2.tgz#f081f76e4c85720e6c37a5faced737150d84072a"
    dependencies:
      punycode "^1.4.1"
  
  ts-loader@^2.0.3:
    version "2.0.3"
    resolved "http://172.18.2.109:7001/ts-loader/download/ts-loader-2.0.3.tgz#89b8c87598f048df065766e07e1538f0eaeb1165"
    dependencies:
      colors "^1.0.3"
      enhanced-resolve "^3.0.0"
      loader-utils "^1.0.2"
      semver "^5.0.1"
  
  tty-browserify@0.0.0:
    version "0.0.0"
    resolved "http://172.18.2.109:7001/tty-browserify/download/tty-browserify-0.0.0.tgz#a157ba402da24e9bf957f9aa69d524eed42901a6"
  
  tunnel-agent@^0.6.0:
    version "0.6.0"
    resolved "http://172.18.2.109:7001/tunnel-agent/download/tunnel-agent-0.6.0.tgz#27a5dea06b36b04a0a9966774b290868f0fc40fd"
    dependencies:
      safe-buffer "^5.0.1"
  
  tweetnacl@^0.14.3, tweetnacl@~0.14.0:
    version "0.14.5"
    resolved "http://172.18.2.109:7001/tweetnacl/download/tweetnacl-0.14.5.tgz#5ae68177f192d4456269d108afa93ff8743f4f64"
  
  type-is@~1.6.14:
    version "1.6.14"
    resolved "http://172.18.2.109:7001/type-is/download/type-is-1.6.14.tgz#e219639c17ded1ca0789092dd54a03826b817cb2"
    dependencies:
      media-typer "0.3.0"
      mime-types "~2.1.13"
  
  typescript@^2.2.1:
    version "2.2.1"
    resolved "http://172.18.2.109:7001/typescript/download/typescript-2.2.1.tgz#4862b662b988a4c8ff691cc7969622d24db76ae9"
  
  ua-parser-js@^0.7.9:
    version "0.7.12"
    resolved "http://172.18.2.109:7001/ua-parser-js/download/ua-parser-js-0.7.12.tgz#04c81a99bdd5dc52263ea29d24c6bf8d4818a4bb"
  
  uglify-js@2.8.x:
    version "2.8.14"
    resolved "http://172.18.2.109:7001/uglify-js/download/uglify-js-2.8.14.tgz#25b15d1af39b21752ee33703adbf432e8bc8f77d"
    dependencies:
      source-map "~0.5.1"
      uglify-to-browserify "~1.0.0"
      yargs "~3.10.0"
  
  uglify-js@~2.7.3:
    version "2.7.5"
    resolved "http://172.18.2.109:7001/uglify-js/download/uglify-js-2.7.5.tgz#4612c0c7baaee2ba7c487de4904ae122079f2ca8"
    dependencies:
      async "~0.2.6"
      source-map "~0.5.1"
      uglify-to-browserify "~1.0.0"
      yargs "~3.10.0"
  
  uglify-to-browserify@~1.0.0:
    version "1.0.2"
    resolved "http://172.18.2.109:7001/uglify-to-browserify/download/uglify-to-browserify-1.0.2.tgz#6e0924d6bda6b5afe349e39a6d632850a0f882b7"
  
  uid-number@^0.0.6:
    version "0.0.6"
    resolved "http://172.18.2.109:7001/uid-number/download/uid-number-0.0.6.tgz#0ea10e8035e8eb5b8e4449f06da1c730663baa81"
  
  unpipe@~1.0.0:
    version "1.0.0"
    resolved "http://172.18.2.109:7001/unpipe/download/unpipe-1.0.0.tgz#b2bf4ee8514aae6165b4817829d21b2ef49904ec"
  
  upper-case@^1.1.1:
    version "1.1.3"
    resolved "http://172.18.2.109:7001/upper-case/download/upper-case-1.1.3.tgz#f6b4501c2ec4cdd26ba78be7222961de77621598"
  
  url-loader@^0.5.8:
    version "0.5.8"
    resolved "http://172.18.2.109:7001/url-loader/download/url-loader-0.5.8.tgz#b9183b1801e0f847718673673040bc9dc1c715c5"
    dependencies:
      loader-utils "^1.0.2"
      mime "1.3.x"
  
  url-parse@1.0.x:
    version "1.0.5"
    resolved "http://172.18.2.109:7001/url-parse/download/url-parse-1.0.5.tgz#0854860422afdcfefeb6c965c662d4800169927b"
    dependencies:
      querystringify "0.0.x"
      requires-port "1.0.x"
  
  url-parse@^1.1.1:
    version "1.1.8"
    resolved "http://172.18.2.109:7001/url-parse/download/url-parse-1.1.8.tgz#7a65b3a8d57a1e86af6b4e2276e34774167c0156"
    dependencies:
      querystringify "0.0.x"
      requires-port "1.0.x"
  
  url@^0.11.0:
    version "0.11.0"
    resolved "http://172.18.2.109:7001/url/download/url-0.11.0.tgz#3838e97cfc60521eb73c525a8e55bfdd9e2e28f1"
    dependencies:
      punycode "1.3.2"
      querystring "0.2.0"
  
  util-deprecate@~1.0.1:
    version "1.0.2"
    resolved "http://172.18.2.109:7001/util-deprecate/download/util-deprecate-1.0.2.tgz#450d4dc9fa70de732762fbd2d4a28981419a0ccf"
  
  util@0.10.3, util@^0.10.3:
    version "0.10.3"
    resolved "http://172.18.2.109:7001/util/download/util-0.10.3.tgz#7afb1afe50805246489e3db7fe0ed379336ac0f9"
    dependencies:
      inherits "2.0.1"
  
  utila@~0.3:
    version "0.3.3"
    resolved "http://172.18.2.109:7001/utila/download/utila-0.3.3.tgz#d7e8e7d7e309107092b05f8d9688824d633a4226"
  
  utila@~0.4:
    version "0.4.0"
    resolved "http://172.18.2.109:7001/utila/download/utila-0.4.0.tgz#8a16a05d445657a3aea5eecc5b12a4fa5379772c"
  
  utils-merge@1.0.0:
    version "1.0.0"
    resolved "http://172.18.2.109:7001/utils-merge/download/utils-merge-1.0.0.tgz#0294fb922bb9375153541c4f7096231f287c8af8"
  
  uuid@^2.0.2:
    version "2.0.3"
    resolved "http://172.18.2.109:7001/uuid/download/uuid-2.0.3.tgz#67e2e863797215530dff318e5bf9dcebfd47b21a"
  
  uuid@^3.0.0:
    version "3.0.1"
    resolved "http://172.18.2.109:7001/uuid/download/uuid-3.0.1.tgz#6544bba2dfda8c1cf17e629a3a305e2bb1fee6c1"
  
  vary@~1.1.0:
    version "1.1.1"
    resolved "http://172.18.2.109:7001/vary/download/vary-1.1.1.tgz#67535ebb694c1d52257457984665323f587e8d37"
  
  verror@1.3.6:
    version "1.3.6"
    resolved "http://172.18.2.109:7001/verror/download/verror-1.3.6.tgz#cff5df12946d297d2baaefaa2689e25be01c005c"
    dependencies:
      extsprintf "1.0.2"
  
  vm-browserify@0.0.4:
    version "0.0.4"
    resolved "http://172.18.2.109:7001/vm-browserify/download/vm-browserify-0.0.4.tgz#5d7ea45bbef9e4a6ff65f95438e0a87c357d5a73"
    dependencies:
      indexof "0.0.1"
  
  watchpack@^0.2.1:
    version "0.2.9"
    resolved "http://172.18.2.109:7001/watchpack/download/watchpack-0.2.9.tgz#62eaa4ab5e5ba35fdfc018275626e3c0f5e3fb0b"
    dependencies:
      async "^0.9.0"
      chokidar "^1.0.0"
      graceful-fs "^4.1.2"
  
  webpack-core@~0.6.9:
    version "0.6.9"
    resolved "http://172.18.2.109:7001/webpack-core/download/webpack-core-0.6.9.tgz#fc571588c8558da77be9efb6debdc5a3b172bdc2"
    dependencies:
      source-list-map "~0.1.7"
      source-map "~0.4.1"
  
  webpack-dev-middleware@^1.4.0:
    version "1.10.1"
    resolved "http://172.18.2.109:7001/webpack-dev-middleware/download/webpack-dev-middleware-1.10.1.tgz#c6b4cf428139cf1aefbe06a0c00fdb4f8da2f893"
    dependencies:
      memory-fs "~0.4.1"
      mime "^1.3.4"
      path-is-absolute "^1.0.0"
      range-parser "^1.0.3"
  
  webpack-dev-server@^1.8.2:
    version "1.16.3"
    resolved "http://172.18.2.109:7001/webpack-dev-server/download/webpack-dev-server-1.16.3.tgz#cbb6a0d3e7c8eb5453b3e9befcbe843219f62661"
    dependencies:
      compression "^1.5.2"
      connect-history-api-fallback "^1.3.0"
      express "^4.13.3"
      http-proxy-middleware "~0.17.1"
      open "0.0.5"
      optimist "~0.6.1"
      serve-index "^1.7.2"
      sockjs "^0.3.15"
      sockjs-client "^1.0.3"
      stream-cache "~0.0.1"
      strip-ansi "^3.0.0"
      supports-color "^3.1.1"
      webpack-dev-middleware "^1.4.0"
  
  webpack@^1.12.1:
    version "1.14.0"
    resolved "http://172.18.2.109:7001/webpack/download/webpack-1.14.0.tgz#54f1ffb92051a328a5b2057d6ae33c289462c823"
    dependencies:
      acorn "^3.0.0"
      async "^1.3.0"
      clone "^1.0.2"
      enhanced-resolve "~0.9.0"
      interpret "^0.6.4"
      loader-utils "^0.2.11"
      memory-fs "~0.3.0"
      mkdirp "~0.5.0"
      node-libs-browser "^0.7.0"
      optimist "~0.6.0"
      supports-color "^3.1.0"
      tapable "~0.1.8"
      uglify-js "~2.7.3"
      watchpack "^0.2.1"
      webpack-core "~0.6.9"
  
  websocket-driver@>=0.5.1:
    version "0.6.5"
    resolved "http://172.18.2.109:7001/websocket-driver/download/websocket-driver-0.6.5.tgz#5cb2556ceb85f4373c6d8238aa691c8454e13a36"
    dependencies:
      websocket-extensions ">=0.1.1"
  
  websocket-extensions@>=0.1.1:
    version "0.1.1"
    resolved "http://172.18.2.109:7001/websocket-extensions/download/websocket-extensions-0.1.1.tgz#76899499c184b6ef754377c2dbb0cd6cb55d29e7"
  
  whatwg-fetch@>=0.10.0:
    version "2.0.3"
    resolved "http://172.18.2.109:7001/whatwg-fetch/download/whatwg-fetch-2.0.3.tgz#9c84ec2dcf68187ff00bc64e1274b442176e1c84"
  
  which@^1.2.9:
    version "1.2.12"
    resolved "http://172.18.2.109:7001/which/download/which-1.2.12.tgz#de67b5e450269f194909ef23ece4ebe416fa1192"
    dependencies:
      isexe "^1.1.1"
  
  wide-align@^1.1.0:
    version "1.1.0"
    resolved "http://172.18.2.109:7001/wide-align/download/wide-align-1.1.0.tgz#40edde802a71fea1f070da3e62dcda2e7add96ad"
    dependencies:
      string-width "^1.0.1"
  
  window-size@0.1.0:
    version "0.1.0"
    resolved "http://172.18.2.109:7001/window-size/download/window-size-0.1.0.tgz#5438cd2ea93b202efa3a19fe8887aee7c94f9c9d"
  
  wordwrap@0.0.2:
    version "0.0.2"
    resolved "http://172.18.2.109:7001/wordwrap/download/wordwrap-0.0.2.tgz#b79669bb42ecb409f83d583cad52ca17eaa1643f"
  
  wordwrap@~0.0.2:
    version "0.0.3"
    resolved "http://172.18.2.109:7001/wordwrap/download/wordwrap-0.0.3.tgz#a3d5da6cd5c0bc0008d37234bbaf1bed63059107"
  
  wrappy@1:
    version "1.0.2"
    resolved "http://172.18.2.109:7001/wrappy/download/wrappy-1.0.2.tgz#b5243d8f3ec1aa35f1364605bc0d1036e30ab69f"
  
  xml-char-classes@^1.0.0:
    version "1.0.0"
    resolved "http://172.18.2.109:7001/xml-char-classes/download/xml-char-classes-1.0.0.tgz#64657848a20ffc5df583a42ad8a277b4512bbc4d"
  
  xtend@^4.0.0:
    version "4.0.1"
    resolved "http://172.18.2.109:7001/xtend/download/xtend-4.0.1.tgz#a5c6d532be656e23db820efb943a1f04998d63af"
  
  yallist@^2.0.0:
    version "2.1.2"
    resolved "http://172.18.2.109:7001/yallist/download/yallist-2.1.2.tgz#1c11f9218f076089a47dd512f93c6699a6a81d52"
  
  yargs@~3.10.0:
    version "3.10.0"
    resolved "http://172.18.2.109:7001/yargs/download/yargs-3.10.0.tgz#f7ee7bd857dd7c1d2d38c0e74efbd681d1431fd1"
    dependencies:
      camelcase "^1.0.2"
      cliui "^2.1.0"
      decamelize "^1.0.0"
      window-size "0.1.0"

Trace: 
  Error: connect ETIMEDOUT 172.18.2.109:7001
      at Object._errnoException (util.js:1041:11)
      at _exceptionWithHostPort (util.js:1064:20)
      at TCPConnectWrap.afterConnect [as oncomplete] (net.js:1153:14)
